2024/06/17 09:13:57.660 => OpenSerial: Com=9 BaudRate=256000, Success=1
2024/06/17 09:13:57.667 => CRadarProtocolDevice::OpenCmdMode: CMDID(0x00FF) Success
2024/06/17 09:13:57.667 => protocol version = 1, send_recv buffer size = 64
2024/06/17 09:13:57.820 => CRadarProtocolDevice::OpenCmdMode: CMDID(0x00FF) Success
2024/06/17 09:13:57.820 => protocol version = 1, send_recv buffer size = 64
2024/06/17 09:13:57.826 => CRadarProtocolDevice::UpdateVersion: CMDID(0x0000) Success
2024/06/17 09:13:57.826 => GetVersion Return: v1.4.4_32772.0
2024/06/17 09:14:02.570 => CRadarProtocolDevice::OpenCmdMode: CMDID(0x00FF) Success
2024/06/17 09:14:02.570 => protocol version = 1, send_recv buffer size = 64
2024/06/17 09:14:02.731 => CRadarProtocolDevice::OpenCmdMode: CMDID(0x00FF) Success
2024/06/17 09:14:02.731 => protocol version = 1, send_recv buffer size = 64
2024/06/17 09:14:03.281 => CRadarProtocolDevice::SendCommand: CMDID(0x0062) Success
2024/06/17 09:14:03.287 => CRadarProtocolDevice::CloseCmdMode: CMDID(0x00FE) Success
2024/06/17 09:14:03.298 => thread create success, thread handle=0x00000638, id=10984, name=ABDData
2024/06/17 09:14:03.298 => thread information, name=ABDData, tid=10984(0x00002ae8)
2024/06/17 09:14:03.344 => State=1, M_D=066, M_S=069, ML_D=000, ML_S=000, R_D=000
2024/06/17 09:14:03.443 => State=2, M_D=066, M_S=000, ML_D=000, ML_S=000, R_D=000
2024/06/17 09:14:03.543 => State=1, M_D=067, M_S=071, ML_D=000, ML_S=000, R_D=000
2024/06/17 09:14:03.643 => State=2, M_D=067, M_S=000, ML_D=000, ML_S=000, R_D=000
2024/06/17 09:14:03.744 => State=1, M_D=065, M_S=064, ML_D=000, ML_S=000, R_D=000
2024/06/17 09:14:03.843 => State=2, M_D=065, M_S=000, ML_D=000, ML_S=000, R_D=000
2024/06/17 09:14:03.943 => State=2, M_D=065, M_S=000, ML_D=000, ML_S=000, R_D=000
2024/06/17 09:14:04.043 => State=1, M_D=065, M_S=061, ML_D=000, ML_S=000, R_D=000
2024/06/17 09:14:04.143 => State=2, M_D=065, M_S=000, ML_D=000, ML_S=000, R_D=000
2024/06/17 09:14:04.243 => State=1, M_D=065, M_S=069, ML_D=000, ML_S=000, R_D=000
2024/06/17 09:14:04.343 => State=2, M_D=065, M_S=000, ML_D=000, ML_S=000, R_D=000
2024/06/17 09:14:04.443 => State=1, M_D=066, M_S=067, ML_D=000, ML_S=000, R_D=000
2024/06/17 09:14:04.544 => State=2, M_D=066, M_S=000, ML_D=000, ML_S=000, R_D=000
2024/06/17 09:14:04.643 => State=1, M_D=061, M_S=062, ML_D=000, ML_S=000, R_D=000
2024/06/17 09:14:04.743 => State=2, M_D=061, M_S=000, ML_D=000, ML_S=000, R_D=000
2024/06/17 09:14:04.844 => State=2, M_D=061, M_S=000, ML_D=000, ML_S=000, R_D=000
2024/06/17 09:14:04.943 => State=1, M_D=069, M_S=063, ML_D=000, ML_S=000, R_D=000
2024/06/17 09:14:05.043 => State=2, M_D=069, M_S=000, ML_D=000, ML_S=000, R_D=000
2024/06/17 09:14:05.143 => State=1, M_D=067, M_S=065, ML_D=000, ML_S=000, R_D=000
2024/06/17 09:14:05.243 => State=2, M_D=067, M_S=000, ML_D=000, ML_S=000, R_D=000
2024/06/17 09:14:05.343 => State=1, M_D=065, M_S=066, ML_D=000, ML_S=000, R_D=000
2024/06/17 09:14:05.443 => State=2, M_D=065, M_S=000, ML_D=000, ML_S=000, R_D=000
2024/06/17 09:14:05.543 => State=2, M_D=065, M_S=000, ML_D=000, ML_S=000, R_D=000
2024/06/17 09:14:05.643 => State=2, M_D=065, M_S=000, ML_D=000, ML_S=000, R_D=000
2024/06/17 09:14:05.743 => State=2, M_D=065, M_S=000, ML_D=000, ML_S=000, R_D=000
2024/06/17 09:14:05.844 => State=1, M_D=065, M_S=062, ML_D=000, ML_S=000, R_D=000
2024/06/17 09:14:05.943 => State=2, M_D=065, M_S=000, ML_D=000, ML_S=000, R_D=000
2024/06/17 09:14:06.042 => State=1, M_D=066, M_S=064, ML_D=000, ML_S=000, R_D=000
2024/06/17 09:14:06.142 => State=2, M_D=066, M_S=000, ML_D=000, ML_S=000, R_D=000
2024/06/17 09:14:06.243 => State=1, M_D=068, M_S=073, ML_D=000, ML_S=000, R_D=000
2024/06/17 09:14:06.343 => State=2, M_D=068, M_S=000, ML_D=000, ML_S=000, R_D=000
2024/06/17 09:14:06.443 => State=1, M_D=066, M_S=063, ML_D=000, ML_S=000, R_D=000
2024/06/17 09:14:06.543 => State=2, M_D=066, M_S=000, ML_D=000, ML_S=000, R_D=000
2024/06/17 09:14:06.643 => State=2, M_D=066, M_S=000, ML_D=000, ML_S=000, R_D=000
2024/06/17 09:14:06.743 => State=2, M_D=066, M_S=000, ML_D=000, ML_S=000, R_D=000
2024/06/17 09:14:06.843 => State=2, M_D=066, M_S=000, ML_D=000, ML_S=000, R_D=000
2024/06/17 09:14:06.943 => State=1, M_D=062, M_S=065, ML_D=000, ML_S=000, R_D=000
2024/06/17 09:14:07.043 => State=2, M_D=062, M_S=000, ML_D=000, ML_S=000, R_D=000
2024/06/17 09:14:07.143 => State=1, M_D=067, M_S=068, ML_D=000, ML_S=000, R_D=000
2024/06/17 09:14:07.243 => State=2, M_D=067, M_S=000, ML_D=000, ML_S=000, R_D=000
2024/06/17 09:14:07.343 => State=2, M_D=067, M_S=000, ML_D=000, ML_S=000, R_D=000
2024/06/17 09:14:07.443 => State=2, M_D=067, M_S=000, ML_D=000, ML_S=000, R_D=000
2024/06/17 09:14:07.543 => State=2, M_D=067, M_S=000, ML_D=000, ML_S=000, R_D=000
2024/06/17 09:14:07.642 => State=2, M_D=067, M_S=000, ML_D=000, ML_S=000, R_D=000
2024/06/17 09:14:07.743 => State=2, M_D=067, M_S=000, ML_D=000, ML_S=000, R_D=000
2024/06/17 09:14:07.843 => State=1, M_D=065, M_S=065, ML_D=000, ML_S=000, R_D=000
2024/06/17 09:14:07.943 => State=2, M_D=065, M_S=000, ML_D=000, ML_S=000, R_D=000
2024/06/17 09:14:08.043 => State=1, M_D=068, M_S=070, ML_D=000, ML_S=000, R_D=000
2024/06/17 09:14:08.143 => State=2, M_D=068, M_S=000, ML_D=000, ML_S=000, R_D=000
2024/06/17 09:14:08.243 => State=1, M_D=067, M_S=069, ML_D=000, ML_S=000, R_D=000
2024/06/17 09:14:08.342 => State=2, M_D=067, M_S=000, ML_D=000, ML_S=000, R_D=000
2024/06/17 09:14:08.443 => State=1, M_D=060, M_S=061, ML_D=000, ML_S=000, R_D=000
2024/06/17 09:14:08.543 => State=1, M_D=066, M_S=062, ML_D=000, ML_S=000, R_D=000
2024/06/17 09:14:08.643 => State=2, M_D=066, M_S=000, ML_D=000, ML_S=000, R_D=000
2024/06/17 09:14:08.743 => State=1, M_D=065, M_S=071, ML_D=000, ML_S=000, R_D=000
2024/06/17 09:14:08.843 => State=2, M_D=065, M_S=000, ML_D=000, ML_S=000, R_D=000
2024/06/17 09:14:08.943 => State=1, M_D=070, M_S=076, ML_D=000, ML_S=000, R_D=000
2024/06/17 09:14:09.043 => State=2, M_D=070, M_S=000, ML_D=000, ML_S=000, R_D=000
2024/06/17 09:14:09.143 => State=1, M_D=066, M_S=063, ML_D=000, ML_S=000, R_D=000
2024/06/17 09:14:09.243 => State=2, M_D=066, M_S=000, ML_D=000, ML_S=000, R_D=000
2024/06/17 09:14:09.343 => State=2, M_D=066, M_S=000, ML_D=000, ML_S=000, R_D=000
2024/06/17 09:14:09.443 => State=1, M_D=066, M_S=071, ML_D=000, ML_S=000, R_D=000
2024/06/17 09:14:09.542 => State=2, M_D=066, M_S=000, ML_D=000, ML_S=000, R_D=000
2024/06/17 09:14:09.643 => State=1, M_D=063, M_S=074, ML_D=000, ML_S=000, R_D=000
2024/06/17 09:14:09.743 => State=2, M_D=063, M_S=000, ML_D=000, ML_S=000, R_D=000
2024/06/17 09:14:09.842 => State=1, M_D=062, M_S=066, ML_D=000, ML_S=000, R_D=000
2024/06/17 09:14:09.943 => State=1, M_D=039, M_S=084, ML_D=000, ML_S=000, R_D=000
2024/06/17 09:14:10.043 => State=1, M_D=043, M_S=100, ML_D=000, ML_S=000, R_D=000
2024/06/17 09:14:10.143 => State=1, M_D=030, M_S=068, ML_D=000, ML_S=000, R_D=000
2024/06/17 09:14:10.243 => State=2, M_D=030, M_S=000, ML_D=000, ML_S=000, R_D=000
2024/06/17 09:14:10.343 => State=1, M_D=063, M_S=073, ML_D=000, ML_S=000, R_D=000
2024/06/17 09:14:10.442 => State=1, M_D=055, M_S=065, ML_D=000, ML_S=000, R_D=000
2024/06/17 09:14:10.543 => State=1, M_D=066, M_S=073, ML_D=000, ML_S=000, R_D=000
2024/06/17 09:14:10.643 => State=2, M_D=066, M_S=000, ML_D=000, ML_S=000, R_D=000
2024/06/17 09:14:10.742 => State=1, M_D=055, M_S=061, ML_D=000, ML_S=000, R_D=000
2024/06/17 09:14:10.843 => State=1, M_D=066, M_S=061, ML_D=000, ML_S=000, R_D=000
2024/06/17 09:14:10.943 => State=2, M_D=066, M_S=000, ML_D=000, ML_S=000, R_D=000
2024/06/17 09:14:11.043 => State=2, M_D=066, M_S=000, ML_D=000, ML_S=000, R_D=000
2024/06/17 09:14:11.143 => State=2, M_D=066, M_S=000, ML_D=000, ML_S=000, R_D=000
2024/06/17 09:14:11.243 => State=1, M_D=069, M_S=074, ML_D=000, ML_S=000, R_D=000
2024/06/17 09:14:11.343 => State=2, M_D=069, M_S=000, ML_D=000, ML_S=000, R_D=000
2024/06/17 09:14:11.442 => State=1, M_D=066, M_S=076, ML_D=000, ML_S=000, R_D=000
2024/06/17 09:14:11.543 => State=2, M_D=066, M_S=000, ML_D=000, ML_S=000, R_D=000
2024/06/17 09:14:11.643 => State=1, M_D=065, M_S=068, ML_D=000, ML_S=000, R_D=000
2024/06/17 09:14:11.742 => State=2, M_D=065, M_S=000, ML_D=000, ML_S=000, R_D=000
2024/06/17 09:14:11.843 => State=2, M_D=065, M_S=000, ML_D=000, ML_S=000, R_D=000
2024/06/17 09:14:11.943 => State=1, M_D=061, M_S=063, ML_D=000, ML_S=000, R_D=000
2024/06/17 09:14:12.043 => State=2, M_D=061, M_S=000, ML_D=000, ML_S=000, R_D=000
2024/06/17 09:14:12.143 => State=1, M_D=048, M_S=075, ML_D=000, ML_S=000, R_D=000
2024/06/17 09:14:12.243 => State=2, M_D=048, M_S=000, ML_D=000, ML_S=000, R_D=000
2024/06/17 09:14:12.343 => State=1, M_D=053, M_S=076, ML_D=000, ML_S=000, R_D=000
2024/06/17 09:14:12.443 => State=2, M_D=053, M_S=000, ML_D=000, ML_S=000, R_D=000
2024/06/17 09:14:12.543 => State=1, M_D=065, M_S=072, ML_D=000, ML_S=000, R_D=000
2024/06/17 09:14:12.643 => State=2, M_D=065, M_S=000, ML_D=000, ML_S=000, R_D=000
2024/06/17 09:14:12.743 => State=1, M_D=063, M_S=063, ML_D=000, ML_S=000, R_D=000
2024/06/17 09:14:12.843 => State=2, M_D=063, M_S=000, ML_D=000, ML_S=000, R_D=000
2024/06/17 09:14:12.943 => State=2, M_D=063, M_S=000, ML_D=000, ML_S=000, R_D=000
2024/06/17 09:14:13.043 => State=1, M_D=066, M_S=070, ML_D=000, ML_S=000, R_D=000
2024/06/17 09:14:13.143 => State=2, M_D=066, M_S=000, ML_D=000, ML_S=000, R_D=000
2024/06/17 09:14:13.243 => State=1, M_D=049, M_S=071, ML_D=000, ML_S=000, R_D=000
2024/06/17 09:14:13.342 => State=2, M_D=049, M_S=000, ML_D=000, ML_S=000, R_D=000
2024/06/17 09:14:13.443 => State=1, M_D=062, M_S=067, ML_D=000, ML_S=000, R_D=000
2024/06/17 09:14:13.542 => State=2, M_D=062, M_S=000, ML_D=000, ML_S=000, R_D=000
2024/06/17 09:14:13.643 => State=1, M_D=043, M_S=062, ML_D=000, ML_S=000, R_D=000
2024/06/17 09:14:13.742 => State=1, M_D=030, M_S=100, ML_D=000, ML_S=000, R_D=000
2024/06/17 09:14:13.842 => State=1, M_D=030, M_S=100, ML_D=000, ML_S=000, R_D=000
2024/06/17 09:14:13.942 => State=1, M_D=030, M_S=100, ML_D=000, ML_S=000, R_D=000
2024/06/17 09:14:14.043 => State=1, M_D=030, M_S=100, ML_D=000, ML_S=000, R_D=000
2024/06/17 09:14:14.143 => State=1, M_D=030, M_S=100, ML_D=000, ML_S=000, R_D=000
2024/06/17 09:14:14.243 => State=1, M_D=030, M_S=100, ML_D=000, ML_S=000, R_D=000
2024/06/17 09:14:14.342 => State=1, M_D=030, M_S=100, ML_D=000, ML_S=000, R_D=000
2024/06/17 09:14:14.442 => State=1, M_D=067, M_S=100, ML_D=000, ML_S=000, R_D=000
2024/06/17 09:14:14.543 => State=1, M_D=030, M_S=100, ML_D=000, ML_S=000, R_D=000
2024/06/17 09:14:14.642 => State=1, M_D=030, M_S=100, ML_D=000, ML_S=000, R_D=000
2024/06/17 09:14:14.743 => State=1, M_D=030, M_S=100, ML_D=000, ML_S=000, R_D=000
2024/06/17 09:14:14.843 => State=1, M_D=030, M_S=100, ML_D=000, ML_S=000, R_D=000
2024/06/17 09:14:14.943 => State=1, M_D=030, M_S=100, ML_D=000, ML_S=000, R_D=000
2024/06/17 09:14:15.042 => State=1, M_D=030, M_S=092, ML_D=000, ML_S=000, R_D=000
2024/06/17 09:14:15.142 => State=2, M_D=030, M_S=000, ML_D=000, ML_S=000, R_D=000
2024/06/17 09:14:15.243 => State=2, M_D=030, M_S=000, ML_D=000, ML_S=000, R_D=000
2024/06/17 09:14:15.342 => State=2, M_D=030, M_S=000, ML_D=000, ML_S=000, R_D=000
2024/06/17 09:14:15.442 => State=2, M_D=030, M_S=000, ML_D=000, ML_S=000, R_D=000
2024/06/17 09:14:15.542 => State=2, M_D=030, M_S=000, ML_D=000, ML_S=000, R_D=000
2024/06/17 09:14:15.643 => State=2, M_D=030, M_S=000, ML_D=000, ML_S=000, R_D=000
2024/06/17 09:14:15.743 => State=2, M_D=030, M_S=000, ML_D=000, ML_S=000, R_D=000
2024/06/17 09:14:15.843 => State=2, M_D=030, M_S=000, ML_D=000, ML_S=000, R_D=000
2024/06/17 09:14:15.943 => State=1, M_D=030, M_S=068, ML_D=000, ML_S=000, R_D=000
2024/06/17 09:14:16.042 => State=2, M_D=030, M_S=000, ML_D=000, ML_S=000, R_D=000
2024/06/17 09:14:16.143 => State=2, M_D=030, M_S=000, ML_D=000, ML_S=000, R_D=000
2024/06/17 09:14:16.242 => State=2, M_D=030, M_S=000, ML_D=000, ML_S=000, R_D=000
2024/06/17 09:14:16.343 => State=2, M_D=030, M_S=000, ML_D=000, ML_S=000, R_D=000
2024/06/17 09:14:16.442 => State=2, M_D=030, M_S=000, ML_D=000, ML_S=000, R_D=000
2024/06/17 09:14:16.543 => State=2, M_D=030, M_S=000, ML_D=000, ML_S=000, R_D=000
2024/06/17 09:14:16.642 => State=2, M_D=030, M_S=000, ML_D=000, ML_S=000, R_D=000
2024/06/17 09:14:16.743 => State=2, M_D=030, M_S=000, ML_D=000, ML_S=000, R_D=000
2024/06/17 09:14:16.842 => State=2, M_D=030, M_S=000, ML_D=000, ML_S=000, R_D=000
2024/06/17 09:14:16.943 => State=2, M_D=030, M_S=000, ML_D=000, ML_S=000, R_D=000
2024/06/17 09:14:17.042 => State=2, M_D=030, M_S=000, ML_D=000, ML_S=000, R_D=000
2024/06/17 09:14:17.142 => State=0, M_D=030, M_S=000, ML_D=000, ML_S=000, R_D=000
2024/06/17 09:14:17.243 => State=0, M_D=030, M_S=000, ML_D=000, ML_S=000, R_D=000
2024/06/17 09:14:17.342 => State=0, M_D=030, M_S=000, ML_D=000, ML_S=000, R_D=000
2024/06/17 09:14:17.442 => State=0, M_D=030, M_S=000, ML_D=000, ML_S=000, R_D=000
2024/06/17 09:14:17.543 => State=0, M_D=030, M_S=000, ML_D=000, ML_S=000, R_D=000
2024/06/17 09:14:17.643 => State=0, M_D=030, M_S=000, ML_D=000, ML_S=000, R_D=000
2024/06/17 09:14:17.742 => State=0, M_D=030, M_S=000, ML_D=000, ML_S=000, R_D=000
2024/06/17 09:14:17.843 => State=0, M_D=030, M_S=000, ML_D=000, ML_S=000, R_D=000
2024/06/17 09:14:17.943 => State=0, M_D=030, M_S=000, ML_D=000, ML_S=000, R_D=000
2024/06/17 09:14:18.042 => State=0, M_D=030, M_S=000, ML_D=000, ML_S=000, R_D=000
2024/06/17 09:14:18.143 => State=0, M_D=030, M_S=000, ML_D=000, ML_S=000, R_D=000
2024/06/17 09:14:18.243 => State=0, M_D=030, M_S=000, ML_D=000, ML_S=000, R_D=000
2024/06/17 09:14:18.343 => State=0, M_D=030, M_S=000, ML_D=000, ML_S=000, R_D=000
2024/06/17 09:14:18.442 => State=0, M_D=030, M_S=000, ML_D=000, ML_S=000, R_D=000
2024/06/17 09:14:18.543 => State=0, M_D=030, M_S=000, ML_D=000, ML_S=000, R_D=000
2024/06/17 09:14:18.643 => State=0, M_D=030, M_S=000, ML_D=000, ML_S=000, R_D=000
2024/06/17 09:14:18.742 => State=0, M_D=030, M_S=000, ML_D=000, ML_S=000, R_D=000
2024/06/17 09:14:18.842 => State=0, M_D=030, M_S=000, ML_D=000, ML_S=000, R_D=000
2024/06/17 09:14:18.942 => State=0, M_D=030, M_S=000, ML_D=000, ML_S=000, R_D=000
2024/06/17 09:14:19.043 => State=0, M_D=030, M_S=000, ML_D=000, ML_S=000, R_D=000
2024/06/17 09:14:19.142 => State=0, M_D=030, M_S=000, ML_D=000, ML_S=000, R_D=000
2024/06/17 09:14:19.243 => State=0, M_D=030, M_S=000, ML_D=000, ML_S=000, R_D=000
2024/06/17 09:14:19.343 => State=0, M_D=030, M_S=000, ML_D=000, ML_S=000, R_D=000
2024/06/17 09:14:19.442 => State=1, M_D=030, M_S=091, ML_D=000, ML_S=000, R_D=000
2024/06/17 09:14:19.543 => State=1, M_D=030, M_S=100, ML_D=000, ML_S=000, R_D=000
2024/06/17 09:14:19.642 => State=1, M_D=030, M_S=100, ML_D=000, ML_S=000, R_D=000
2024/06/17 09:14:19.742 => State=1, M_D=030, M_S=100, ML_D=000, ML_S=000, R_D=000
2024/06/17 09:14:19.842 => State=1, M_D=030, M_S=100, ML_D=000, ML_S=000, R_D=000
2024/06/17 09:14:19.943 => State=1, M_D=030, M_S=100, ML_D=000, ML_S=000, R_D=000
2024/06/17 09:14:20.042 => State=1, M_D=030, M_S=100, ML_D=000, ML_S=000, R_D=000
2024/06/17 09:14:20.143 => State=1, M_D=030, M_S=100, ML_D=000, ML_S=000, R_D=000
2024/06/17 09:14:20.242 => State=1, M_D=030, M_S=100, ML_D=000, ML_S=000, R_D=000
2024/06/17 09:14:20.342 => State=1, M_D=030, M_S=100, ML_D=000, ML_S=000, R_D=000
2024/06/17 09:14:20.443 => State=1, M_D=030, M_S=100, ML_D=000, ML_S=000, R_D=000
2024/06/17 09:14:20.543 => State=1, M_D=030, M_S=100, ML_D=000, ML_S=000, R_D=000
2024/06/17 09:14:20.643 => State=1, M_D=030, M_S=100, ML_D=000, ML_S=000, R_D=000
2024/06/17 09:14:20.742 => State=1, M_D=030, M_S=100, ML_D=000, ML_S=000, R_D=000
2024/06/17 09:14:20.843 => State=1, M_D=030, M_S=100, ML_D=000, ML_S=000, R_D=000
2024/06/17 09:14:20.943 => State=1, M_D=030, M_S=100, ML_D=000, ML_S=000, R_D=000
2024/06/17 09:14:21.042 => State=1, M_D=030, M_S=100, ML_D=000, ML_S=000, R_D=000
2024/06/17 09:14:21.142 => State=1, M_D=030, M_S=100, ML_D=000, ML_S=000, R_D=000
2024/06/17 09:14:21.243 => State=1, M_D=030, M_S=100, ML_D=000, ML_S=000, R_D=000
2024/06/17 09:14:21.342 => State=1, M_D=030, M_S=100, ML_D=000, ML_S=000, R_D=000
2024/06/17 09:14:21.442 => State=1, M_D=049, M_S=100, ML_D=000, ML_S=000, R_D=000
2024/06/17 09:14:21.542 => State=1, M_D=030, M_S=100, ML_D=000, ML_S=000, R_D=000
2024/06/17 09:14:21.642 => State=1, M_D=030, M_S=100, ML_D=000, ML_S=000, R_D=000
2024/06/17 09:14:21.742 => State=1, M_D=030, M_S=100, ML_D=000, ML_S=000, R_D=000
2024/06/17 09:14:21.842 => State=1, M_D=030, M_S=100, ML_D=000, ML_S=000, R_D=000
2024/06/17 09:14:21.943 => State=1, M_D=030, M_S=100, ML_D=000, ML_S=000, R_D=000
2024/06/17 09:14:22.042 => State=1, M_D=030, M_S=100, ML_D=000, ML_S=000, R_D=000
2024/06/17 09:14:22.142 => State=1, M_D=067, M_S=100, ML_D=000, ML_S=000, R_D=000
2024/06/17 09:14:22.242 => State=1, M_D=030, M_S=100, ML_D=000, ML_S=000, R_D=000
2024/06/17 09:14:22.342 => State=1, M_D=030, M_S=100, ML_D=000, ML_S=000, R_D=000
2024/06/17 09:14:22.442 => State=1, M_D=059, M_S=100, ML_D=000, ML_S=000, R_D=000
2024/06/17 09:14:22.542 => State=1, M_D=061, M_S=100, ML_D=000, ML_S=000, R_D=000
2024/06/17 09:14:22.642 => State=1, M_D=067, M_S=100, ML_D=000, ML_S=000, R_D=000
2024/06/17 09:14:22.742 => State=1, M_D=030, M_S=100, ML_D=000, ML_S=000, R_D=000
2024/06/17 09:14:22.842 => State=1, M_D=030, M_S=100, ML_D=000, ML_S=000, R_D=000
2024/06/17 09:14:22.942 => State=1, M_D=030, M_S=100, ML_D=000, ML_S=000, R_D=000
2024/06/17 09:14:23.042 => State=1, M_D=030, M_S=100, ML_D=000, ML_S=000, R_D=000
2024/06/17 09:14:23.142 => State=1, M_D=030, M_S=100, ML_D=000, ML_S=000, R_D=000
2024/06/17 09:14:23.242 => State=1, M_D=030, M_S=100, ML_D=000, ML_S=000, R_D=000
2024/06/17 09:14:23.342 => State=1, M_D=030, M_S=100, ML_D=000, ML_S=000, R_D=000
2024/06/17 09:14:23.443 => State=1, M_D=030, M_S=100, ML_D=000, ML_S=000, R_D=000
2024/06/17 09:14:23.542 => State=1, M_D=030, M_S=100, ML_D=000, ML_S=000, R_D=000
2024/06/17 09:14:23.643 => State=1, M_D=030, M_S=100, ML_D=000, ML_S=000, R_D=000
2024/06/17 09:14:23.742 => State=1, M_D=030, M_S=100, ML_D=000, ML_S=000, R_D=000
2024/06/17 09:14:23.843 => State=1, M_D=030, M_S=100, ML_D=000, ML_S=000, R_D=000
2024/06/17 09:14:23.942 => State=1, M_D=030, M_S=100, ML_D=000, ML_S=000, R_D=000
2024/06/17 09:14:24.042 => State=1, M_D=030, M_S=100, ML_D=000, ML_S=000, R_D=000
2024/06/17 09:14:24.142 => State=1, M_D=030, M_S=100, ML_D=000, ML_S=000, R_D=000
2024/06/17 09:14:24.242 => State=1, M_D=030, M_S=100, ML_D=000, ML_S=000, R_D=000
2024/06/17 09:14:24.342 => State=1, M_D=030, M_S=100, ML_D=000, ML_S=000, R_D=000
2024/06/17 09:14:24.442 => State=1, M_D=030, M_S=100, ML_D=000, ML_S=000, R_D=000
2024/06/17 09:14:24.543 => State=1, M_D=030, M_S=100, ML_D=000, ML_S=000, R_D=000
2024/06/17 09:14:24.643 => State=1, M_D=030, M_S=100, ML_D=000, ML_S=000, R_D=000
2024/06/17 09:14:24.742 => State=1, M_D=030, M_S=100, ML_D=000, ML_S=000, R_D=000
2024/06/17 09:14:24.842 => State=1, M_D=030, M_S=100, ML_D=000, ML_S=000, R_D=000
2024/06/17 09:14:24.942 => State=1, M_D=030, M_S=100, ML_D=000, ML_S=000, R_D=000
2024/06/17 09:14:25.042 => State=1, M_D=030, M_S=100, ML_D=000, ML_S=000, R_D=000
2024/06/17 09:14:25.143 => State=1, M_D=043, M_S=100, ML_D=000, ML_S=000, R_D=000
2024/06/17 09:14:25.243 => State=1, M_D=030, M_S=100, ML_D=000, ML_S=000, R_D=000
2024/06/17 09:14:25.342 => State=1, M_D=053, M_S=100, ML_D=000, ML_S=000, R_D=000
2024/06/17 09:14:25.442 => State=1, M_D=051, M_S=100, ML_D=000, ML_S=000, R_D=000
2024/06/17 09:14:25.542 => State=1, M_D=030, M_S=100, ML_D=000, ML_S=000, R_D=000
2024/06/17 09:14:25.642 => State=1, M_D=070, M_S=100, ML_D=000, ML_S=000, R_D=000
2024/06/17 09:14:25.743 => State=1, M_D=063, M_S=100, ML_D=000, ML_S=000, R_D=000
2024/06/17 09:14:25.842 => State=1, M_D=073, M_S=100, ML_D=000, ML_S=000, R_D=000
2024/06/17 09:14:25.942 => State=1, M_D=075, M_S=096, ML_D=000, ML_S=000, R_D=033
2024/06/17 09:14:26.042 => State=1, M_D=087, M_S=086, ML_D=000, ML_S=000, R_D=037
2024/06/17 09:14:26.142 => State=1, M_D=060, M_S=100, ML_D=000, ML_S=000, R_D=038
2024/06/17 09:14:26.242 => State=1, M_D=054, M_S=100, ML_D=000, ML_S=000, R_D=038
2024/06/17 09:14:26.342 => State=1, M_D=073, M_S=100, ML_D=000, ML_S=000, R_D=041
2024/06/17 09:14:26.442 => State=1, M_D=073, M_S=091, ML_D=000, ML_S=000, R_D=043
2024/06/17 09:14:26.543 => State=1, M_D=069, M_S=100, ML_D=000, ML_S=000, R_D=044
2024/06/17 09:14:26.642 => State=2, M_D=069, M_S=000, ML_D=000, ML_S=000, R_D=044
2024/06/17 09:14:26.742 => State=2, M_D=069, M_S=000, ML_D=000, ML_S=000, R_D=044
2024/06/17 09:14:26.842 => State=2, M_D=069, M_S=000, ML_D=000, ML_S=000, R_D=044
2024/06/17 09:14:26.942 => State=2, M_D=069, M_S=000, ML_D=000, ML_S=000, R_D=044
2024/06/17 09:14:27.042 => State=2, M_D=069, M_S=000, ML_D=000, ML_S=000, R_D=044
2024/06/17 09:14:27.142 => State=2, M_D=069, M_S=000, ML_D=000, ML_S=000, R_D=044
2024/06/17 09:14:27.242 => State=2, M_D=069, M_S=000, ML_D=000, ML_S=000, R_D=044
2024/06/17 09:14:27.343 => State=2, M_D=069, M_S=000, ML_D=000, ML_S=000, R_D=044
2024/06/17 09:14:27.442 => State=2, M_D=069, M_S=000, ML_D=000, ML_S=000, R_D=044
2024/06/17 09:14:27.542 => State=2, M_D=069, M_S=000, ML_D=000, ML_S=000, R_D=044
2024/06/17 09:14:27.642 => State=2, M_D=069, M_S=000, ML_D=000, ML_S=000, R_D=044
2024/06/17 09:14:27.742 => State=0, M_D=069, M_S=000, ML_D=000, ML_S=000, R_D=044
2024/06/17 09:14:27.842 => State=0, M_D=069, M_S=000, ML_D=000, ML_S=000, R_D=044
2024/06/17 09:14:27.942 => State=0, M_D=069, M_S=000, ML_D=000, ML_S=000, R_D=044
2024/06/17 09:14:28.042 => State=0, M_D=069, M_S=000, ML_D=000, ML_S=000, R_D=044
2024/06/17 09:14:28.142 => State=0, M_D=069, M_S=000, ML_D=000, ML_S=000, R_D=044
2024/06/17 09:14:28.242 => State=0, M_D=069, M_S=000, ML_D=000, ML_S=000, R_D=044
2024/06/17 09:14:28.342 => State=0, M_D=069, M_S=000, ML_D=000, ML_S=000, R_D=044
2024/06/17 09:14:28.442 => State=0, M_D=069, M_S=000, ML_D=000, ML_S=000, R_D=044
2024/06/17 09:14:28.542 => State=0, M_D=069, M_S=000, ML_D=000, ML_S=000, R_D=044
2024/06/17 09:14:28.642 => State=0, M_D=069, M_S=000, ML_D=000, ML_S=000, R_D=044
2024/06/17 09:14:28.742 => State=0, M_D=069, M_S=000, ML_D=000, ML_S=000, R_D=044
2024/06/17 09:14:28.842 => State=0, M_D=069, M_S=000, ML_D=000, ML_S=000, R_D=044
2024/06/17 09:14:28.942 => State=0, M_D=069, M_S=000, ML_D=000, ML_S=000, R_D=044
2024/06/17 09:14:29.042 => State=0, M_D=069, M_S=000, ML_D=000, ML_S=000, R_D=044
2024/06/17 09:14:29.142 => State=0, M_D=069, M_S=000, ML_D=000, ML_S=000, R_D=044
2024/06/17 09:14:29.242 => State=0, M_D=069, M_S=000, ML_D=000, ML_S=000, R_D=044
2024/06/17 09:14:29.342 => State=0, M_D=069, M_S=000, ML_D=000, ML_S=000, R_D=044
2024/06/17 09:14:29.442 => State=0, M_D=069, M_S=000, ML_D=000, ML_S=000, R_D=044
2024/06/17 09:14:29.542 => State=0, M_D=069, M_S=000, ML_D=000, ML_S=000, R_D=044
2024/06/17 09:14:29.642 => State=0, M_D=069, M_S=000, ML_D=000, ML_S=000, R_D=044
2024/06/17 09:14:29.742 => State=1, M_D=060, M_S=074, ML_D=000, ML_S=000, R_D=000
2024/06/17 09:14:29.842 => State=2, M_D=060, M_S=000, ML_D=000, ML_S=000, R_D=000
2024/06/17 09:14:29.942 => State=2, M_D=060, M_S=000, ML_D=000, ML_S=000, R_D=000
2024/06/17 09:14:30.042 => State=1, M_D=072, M_S=075, ML_D=000, ML_S=000, R_D=000
2024/06/17 09:14:30.142 => State=2, M_D=072, M_S=000, ML_D=000, ML_S=000, R_D=000
2024/06/17 09:14:30.242 => State=2, M_D=072, M_S=000, ML_D=000, ML_S=000, R_D=000
2024/06/17 09:14:30.343 => State=2, M_D=072, M_S=000, ML_D=000, ML_S=000, R_D=000
2024/06/17 09:14:30.442 => State=2, M_D=072, M_S=000, ML_D=000, ML_S=000, R_D=000
2024/06/17 09:14:30.543 => State=1, M_D=073, M_S=091, ML_D=000, ML_S=000, R_D=000
2024/06/17 09:14:30.642 => State=1, M_D=058, M_S=068, ML_D=000, ML_S=000, R_D=000
2024/06/17 09:14:30.742 => State=2, M_D=058, M_S=000, ML_D=000, ML_S=000, R_D=000
2024/06/17 09:14:30.842 => State=2, M_D=058, M_S=000, ML_D=000, ML_S=000, R_D=000
2024/06/17 09:14:30.942 => State=1, M_D=067, M_S=061, ML_D=000, ML_S=000, R_D=000
2024/06/17 09:14:31.042 => State=2, M_D=067, M_S=000, ML_D=000, ML_S=000, R_D=000
2024/06/17 09:14:31.143 => State=2, M_D=067, M_S=000, ML_D=000, ML_S=000, R_D=000
2024/06/17 09:14:31.242 => State=2, M_D=067, M_S=000, ML_D=000, ML_S=000, R_D=000
2024/06/17 09:14:31.342 => State=2, M_D=067, M_S=000, ML_D=000, ML_S=000, R_D=000
2024/06/17 09:14:31.443 => State=2, M_D=067, M_S=000, ML_D=000, ML_S=000, R_D=000
2024/06/17 09:14:31.542 => State=2, M_D=067, M_S=000, ML_D=000, ML_S=000, R_D=000
2024/06/17 09:14:31.643 => State=2, M_D=067, M_S=000, ML_D=000, ML_S=000, R_D=000
2024/06/17 09:14:31.742 => State=2, M_D=067, M_S=000, ML_D=000, ML_S=000, R_D=000
2024/06/17 09:14:31.842 => State=2, M_D=067, M_S=000, ML_D=000, ML_S=000, R_D=000
2024/06/17 09:14:31.942 => State=2, M_D=067, M_S=000, ML_D=000, ML_S=000, R_D=000
2024/06/17 09:14:32.041 => State=2, M_D=067, M_S=000, ML_D=000, ML_S=000, R_D=000
2024/06/17 09:14:32.142 => State=0, M_D=067, M_S=000, ML_D=000, ML_S=000, R_D=000
2024/06/17 09:14:32.242 => State=0, M_D=067, M_S=000, ML_D=000, ML_S=000, R_D=000
2024/06/17 09:14:32.342 => State=0, M_D=067, M_S=000, ML_D=000, ML_S=000, R_D=000
2024/06/17 09:14:32.442 => State=0, M_D=067, M_S=000, ML_D=000, ML_S=000, R_D=000
2024/06/17 09:14:32.542 => State=0, M_D=067, M_S=000, ML_D=000, ML_S=000, R_D=000
2024/06/17 09:14:32.642 => State=0, M_D=067, M_S=000, ML_D=000, ML_S=000, R_D=000
2024/06/17 09:14:32.742 => State=0, M_D=067, M_S=000, ML_D=000, ML_S=000, R_D=000
2024/06/17 09:14:32.841 => State=0, M_D=067, M_S=000, ML_D=000, ML_S=000, R_D=000
2024/06/17 09:14:32.942 => State=0, M_D=067, M_S=000, ML_D=000, ML_S=000, R_D=000
2024/06/17 09:14:33.042 => State=0, M_D=067, M_S=000, ML_D=000, ML_S=000, R_D=000
2024/06/17 09:14:33.142 => State=1, M_D=072, M_S=100, ML_D=000, ML_S=000, R_D=000
2024/06/17 09:14:33.242 => State=1, M_D=075, M_S=100, ML_D=000, ML_S=000, R_D=000
2024/06/17 09:14:33.342 => State=1, M_D=070, M_S=100, ML_D=000, ML_S=000, R_D=000
2024/06/17 09:14:33.442 => State=1, M_D=075, M_S=100, ML_D=000, ML_S=000, R_D=000
2024/06/17 09:14:33.542 => State=1, M_D=069, M_S=100, ML_D=000, ML_S=000, R_D=000
2024/06/17 09:14:33.642 => State=2, M_D=069, M_S=000, ML_D=000, ML_S=000, R_D=000
2024/06/17 09:14:33.742 => State=1, M_D=074, M_S=100, ML_D=000, ML_S=000, R_D=000
2024/06/17 09:14:33.842 => State=1, M_D=074, M_S=100, ML_D=000, ML_S=000, R_D=000
2024/06/17 09:14:33.942 => State=2, M_D=074, M_S=000, ML_D=000, ML_S=000, R_D=000
2024/06/17 09:14:34.041 => State=1, M_D=063, M_S=067, ML_D=000, ML_S=000, R_D=000
2024/06/17 09:14:34.141 => State=2, M_D=063, M_S=000, ML_D=000, ML_S=000, R_D=000
2024/06/17 09:14:34.242 => State=2, M_D=063, M_S=000, ML_D=000, ML_S=000, R_D=000
2024/06/17 09:14:34.342 => State=2, M_D=063, M_S=000, ML_D=000, ML_S=000, R_D=000
2024/06/17 09:14:34.441 => State=2, M_D=063, M_S=000, ML_D=000, ML_S=000, R_D=000
2024/06/17 09:14:34.542 => State=2, M_D=063, M_S=000, ML_D=000, ML_S=000, R_D=000
2024/06/17 09:14:34.641 => State=2, M_D=063, M_S=000, ML_D=000, ML_S=000, R_D=000
2024/06/17 09:14:34.742 => State=2, M_D=063, M_S=000, ML_D=000, ML_S=000, R_D=000
2024/06/17 09:14:34.842 => State=2, M_D=063, M_S=000, ML_D=000, ML_S=000, R_D=000
2024/06/17 09:14:34.942 => State=2, M_D=063, M_S=000, ML_D=000, ML_S=000, R_D=000
2024/06/17 09:14:35.042 => State=2, M_D=063, M_S=000, ML_D=000, ML_S=000, R_D=000
2024/06/17 09:14:35.141 => State=2, M_D=063, M_S=000, ML_D=000, ML_S=000, R_D=000
2024/06/17 09:14:35.242 => State=0, M_D=063, M_S=000, ML_D=000, ML_S=000, R_D=000
2024/06/17 09:14:35.342 => State=0, M_D=063, M_S=000, ML_D=000, ML_S=000, R_D=000
2024/06/17 09:14:35.442 => State=0, M_D=063, M_S=000, ML_D=000, ML_S=000, R_D=000
2024/06/17 09:14:35.542 => State=0, M_D=063, M_S=000, ML_D=000, ML_S=000, R_D=000
2024/06/17 09:14:35.642 => State=0, M_D=063, M_S=000, ML_D=000, ML_S=000, R_D=000
2024/06/17 09:14:35.742 => State=0, M_D=063, M_S=000, ML_D=000, ML_S=000, R_D=000
2024/06/17 09:14:35.841 => State=0, M_D=063, M_S=000, ML_D=000, ML_S=000, R_D=000
2024/06/17 09:14:35.941 => State=0, M_D=063, M_S=000, ML_D=000, ML_S=000, R_D=000
2024/06/17 09:14:36.042 => State=0, M_D=063, M_S=000, ML_D=000, ML_S=000, R_D=000
2024/06/17 09:14:36.141 => State=0, M_D=063, M_S=000, ML_D=000, ML_S=000, R_D=000
2024/06/17 09:14:36.242 => State=0, M_D=063, M_S=000, ML_D=000, ML_S=000, R_D=000
2024/06/17 09:14:36.342 => State=0, M_D=063, M_S=000, ML_D=000, ML_S=000, R_D=000
2024/06/17 09:14:36.441 => State=0, M_D=063, M_S=000, ML_D=000, ML_S=000, R_D=000
2024/06/17 09:14:36.542 => State=0, M_D=063, M_S=000, ML_D=000, ML_S=000, R_D=000
2024/06/17 09:14:36.641 => State=0, M_D=063, M_S=000, ML_D=000, ML_S=000, R_D=000
2024/06/17 09:14:36.742 => State=0, M_D=063, M_S=000, ML_D=000, ML_S=000, R_D=000
2024/06/17 09:14:36.841 => State=0, M_D=063, M_S=000, ML_D=000, ML_S=000, R_D=000
2024/06/17 09:14:36.942 => State=0, M_D=063, M_S=000, ML_D=000, ML_S=000, R_D=000
2024/06/17 09:14:37.042 => State=0, M_D=063, M_S=000, ML_D=000, ML_S=000, R_D=000
2024/06/17 09:14:37.142 => State=0, M_D=063, M_S=000, ML_D=000, ML_S=000, R_D=000
2024/06/17 09:14:37.241 => State=0, M_D=063, M_S=000, ML_D=000, ML_S=000, R_D=000
2024/06/17 09:14:37.341 => State=0, M_D=063, M_S=000, ML_D=000, ML_S=000, R_D=000
2024/06/17 09:14:37.441 => State=0, M_D=063, M_S=000, ML_D=000, ML_S=000, R_D=000
2024/06/17 09:14:37.541 => State=0, M_D=063, M_S=000, ML_D=000, ML_S=000, R_D=000
2024/06/17 09:14:37.642 => State=0, M_D=063, M_S=000, ML_D=000, ML_S=000, R_D=000
2024/06/17 09:14:37.742 => State=0, M_D=063, M_S=000, ML_D=000, ML_S=000, R_D=000
2024/06/17 09:14:37.842 => State=0, M_D=063, M_S=000, ML_D=000, ML_S=000, R_D=000
2024/06/17 09:14:37.941 => State=0, M_D=063, M_S=000, ML_D=000, ML_S=000, R_D=000
2024/06/17 09:14:38.042 => State=0, M_D=063, M_S=000, ML_D=000, ML_S=000, R_D=000
2024/06/17 09:14:38.142 => State=0, M_D=063, M_S=000, ML_D=000, ML_S=000, R_D=000
2024/06/17 09:14:38.241 => State=0, M_D=063, M_S=000, ML_D=000, ML_S=000, R_D=000
2024/06/17 09:14:38.342 => State=0, M_D=063, M_S=000, ML_D=000, ML_S=000, R_D=000
2024/06/17 09:14:38.442 => State=0, M_D=063, M_S=000, ML_D=000, ML_S=000, R_D=000
2024/06/17 09:14:38.542 => State=0, M_D=063, M_S=000, ML_D=000, ML_S=000, R_D=000
2024/06/17 09:14:38.642 => State=0, M_D=063, M_S=000, ML_D=000, ML_S=000, R_D=000
2024/06/17 09:14:38.742 => State=0, M_D=063, M_S=000, ML_D=000, ML_S=000, R_D=000
2024/06/17 09:14:38.842 => State=0, M_D=063, M_S=000, ML_D=000, ML_S=000, R_D=000
2024/06/17 09:14:38.942 => State=0, M_D=063, M_S=000, ML_D=000, ML_S=000, R_D=000
2024/06/17 09:14:39.042 => State=0, M_D=063, M_S=000, ML_D=000, ML_S=000, R_D=000
2024/06/17 09:14:39.142 => State=0, M_D=063, M_S=000, ML_D=000, ML_S=000, R_D=000
2024/06/17 09:14:39.241 => State=0, M_D=063, M_S=000, ML_D=000, ML_S=000, R_D=000
2024/06/17 09:14:39.341 => State=0, M_D=063, M_S=000, ML_D=000, ML_S=000, R_D=000
2024/06/17 09:14:39.441 => State=0, M_D=063, M_S=000, ML_D=000, ML_S=000, R_D=000
2024/06/17 09:14:39.541 => State=0, M_D=063, M_S=000, ML_D=000, ML_S=000, R_D=000
2024/06/17 09:14:39.642 => State=0, M_D=063, M_S=000, ML_D=000, ML_S=000, R_D=000
2024/06/17 09:14:39.742 => State=0, M_D=063, M_S=000, ML_D=000, ML_S=000, R_D=000
2024/06/17 09:14:39.842 => State=0, M_D=063, M_S=000, ML_D=000, ML_S=000, R_D=000
2024/06/17 09:14:39.942 => State=0, M_D=063, M_S=000, ML_D=000, ML_S=000, R_D=000
2024/06/17 09:14:40.042 => State=0, M_D=063, M_S=000, ML_D=000, ML_S=000, R_D=000
2024/06/17 09:14:40.141 => State=0, M_D=063, M_S=000, ML_D=000, ML_S=000, R_D=000
2024/06/17 09:14:40.242 => State=0, M_D=063, M_S=000, ML_D=000, ML_S=000, R_D=000
2024/06/17 09:14:40.341 => State=0, M_D=063, M_S=000, ML_D=000, ML_S=000, R_D=000
2024/06/17 09:14:40.442 => State=0, M_D=063, M_S=000, ML_D=000, ML_S=000, R_D=000
2024/06/17 09:14:40.542 => State=0, M_D=063, M_S=000, ML_D=000, ML_S=000, R_D=000
2024/06/17 09:14:40.642 => State=0, M_D=063, M_S=000, ML_D=000, ML_S=000, R_D=000
2024/06/17 09:14:40.742 => State=0, M_D=063, M_S=000, ML_D=000, ML_S=000, R_D=000
2024/06/17 09:14:40.842 => State=0, M_D=063, M_S=000, ML_D=000, ML_S=000, R_D=000
2024/06/17 09:14:40.942 => State=0, M_D=063, M_S=000, ML_D=000, ML_S=000, R_D=000
2024/06/17 09:14:41.042 => State=0, M_D=063, M_S=000, ML_D=000, ML_S=000, R_D=000
2024/06/17 09:14:41.141 => State=0, M_D=063, M_S=000, ML_D=000, ML_S=000, R_D=000
2024/06/17 09:14:41.242 => State=0, M_D=063, M_S=000, ML_D=000, ML_S=000, R_D=000
2024/06/17 09:14:41.341 => State=0, M_D=063, M_S=000, ML_D=000, ML_S=000, R_D=000
2024/06/17 09:14:41.441 => State=0, M_D=063, M_S=000, ML_D=000, ML_S=000, R_D=000
2024/06/17 09:14:41.542 => State=0, M_D=063, M_S=000, ML_D=000, ML_S=000, R_D=000
2024/06/17 09:14:41.642 => State=0, M_D=063, M_S=000, ML_D=000, ML_S=000, R_D=000
2024/06/17 09:14:41.742 => State=0, M_D=063, M_S=000, ML_D=000, ML_S=000, R_D=000
2024/06/17 09:14:41.842 => State=0, M_D=063, M_S=000, ML_D=000, ML_S=000, R_D=000
2024/06/17 09:14:41.942 => State=0, M_D=063, M_S=000, ML_D=000, ML_S=000, R_D=000
2024/06/17 09:14:42.042 => State=0, M_D=063, M_S=000, ML_D=000, ML_S=000, R_D=000
2024/06/17 09:14:42.143 => State=0, M_D=063, M_S=000, ML_D=000, ML_S=000, R_D=000
2024/06/17 09:14:42.242 => State=0, M_D=063, M_S=000, ML_D=000, ML_S=000, R_D=000
2024/06/17 09:14:42.341 => State=0, M_D=063, M_S=000, ML_D=000, ML_S=000, R_D=000
2024/06/17 09:14:42.442 => State=0, M_D=063, M_S=000, ML_D=000, ML_S=000, R_D=000
2024/06/17 09:14:42.542 => State=0, M_D=063, M_S=000, ML_D=000, ML_S=000, R_D=000
2024/06/17 09:14:42.642 => State=0, M_D=063, M_S=000, ML_D=000, ML_S=000, R_D=000
2024/06/17 09:14:42.741 => State=0, M_D=063, M_S=000, ML_D=000, ML_S=000, R_D=000
2024/06/17 09:14:42.842 => State=0, M_D=063, M_S=000, ML_D=000, ML_S=000, R_D=000
2024/06/17 09:14:42.941 => State=0, M_D=063, M_S=000, ML_D=000, ML_S=000, R_D=000
2024/06/17 09:14:43.041 => State=0, M_D=063, M_S=000, ML_D=000, ML_S=000, R_D=000
2024/06/17 09:14:43.142 => State=0, M_D=063, M_S=000, ML_D=000, ML_S=000, R_D=000
2024/06/17 09:14:43.242 => State=0, M_D=063, M_S=000, ML_D=000, ML_S=000, R_D=000
2024/06/17 09:14:43.342 => State=0, M_D=063, M_S=000, ML_D=000, ML_S=000, R_D=000
2024/06/17 09:14:43.442 => State=0, M_D=063, M_S=000, ML_D=000, ML_S=000, R_D=000
2024/06/17 09:14:43.542 => State=0, M_D=063, M_S=000, ML_D=000, ML_S=000, R_D=000
2024/06/17 09:14:43.641 => State=0, M_D=063, M_S=000, ML_D=000, ML_S=000, R_D=000
2024/06/17 09:14:43.742 => State=0, M_D=063, M_S=000, ML_D=000, ML_S=000, R_D=000
2024/06/17 09:14:43.841 => State=0, M_D=063, M_S=000, ML_D=000, ML_S=000, R_D=000
2024/06/17 09:14:43.941 => State=0, M_D=063, M_S=000, ML_D=000, ML_S=000, R_D=000
2024/06/17 09:14:44.041 => State=0, M_D=063, M_S=000, ML_D=000, ML_S=000, R_D=000
2024/06/17 09:14:44.141 => State=0, M_D=063, M_S=000, ML_D=000, ML_S=000, R_D=000
2024/06/17 09:14:44.242 => State=0, M_D=063, M_S=000, ML_D=000, ML_S=000, R_D=000
2024/06/17 09:14:44.342 => State=0, M_D=063, M_S=000, ML_D=000, ML_S=000, R_D=000
2024/06/17 09:14:44.442 => State=0, M_D=063, M_S=000, ML_D=000, ML_S=000, R_D=000
2024/06/17 09:14:44.542 => State=0, M_D=063, M_S=000, ML_D=000, ML_S=000, R_D=000
2024/06/17 09:14:44.641 => State=0, M_D=063, M_S=000, ML_D=000, ML_S=000, R_D=000
2024/06/17 09:14:44.742 => State=0, M_D=063, M_S=000, ML_D=000, ML_S=000, R_D=000
2024/06/17 09:14:44.841 => State=0, M_D=063, M_S=000, ML_D=000, ML_S=000, R_D=000
2024/06/17 09:14:44.941 => State=0, M_D=063, M_S=000, ML_D=000, ML_S=000, R_D=000
2024/06/17 09:14:45.042 => State=0, M_D=063, M_S=000, ML_D=000, ML_S=000, R_D=000
2024/06/17 09:14:45.142 => State=0, M_D=063, M_S=000, ML_D=000, ML_S=000, R_D=000
2024/06/17 09:14:45.242 => State=0, M_D=063, M_S=000, ML_D=000, ML_S=000, R_D=000
2024/06/17 09:14:45.342 => State=0, M_D=063, M_S=000, ML_D=000, ML_S=000, R_D=000
2024/06/17 09:14:45.441 => State=0, M_D=063, M_S=000, ML_D=000, ML_S=000, R_D=000
2024/06/17 09:14:45.541 => State=0, M_D=063, M_S=000, ML_D=000, ML_S=000, R_D=000
2024/06/17 09:14:45.641 => State=0, M_D=063, M_S=000, ML_D=000, ML_S=000, R_D=000
2024/06/17 09:14:45.741 => State=0, M_D=063, M_S=000, ML_D=000, ML_S=000, R_D=000
2024/06/17 09:14:45.841 => State=0, M_D=063, M_S=000, ML_D=000, ML_S=000, R_D=000
2024/06/17 09:14:45.941 => State=0, M_D=063, M_S=000, ML_D=000, ML_S=000, R_D=000
2024/06/17 09:14:46.041 => State=0, M_D=063, M_S=000, ML_D=000, ML_S=000, R_D=000
2024/06/17 09:14:46.141 => State=0, M_D=063, M_S=000, ML_D=000, ML_S=000, R_D=000
2024/06/17 09:14:46.241 => State=0, M_D=063, M_S=000, ML_D=000, ML_S=000, R_D=000
2024/06/17 09:14:46.341 => State=0, M_D=063, M_S=000, ML_D=000, ML_S=000, R_D=000
2024/06/17 09:14:46.441 => State=0, M_D=063, M_S=000, ML_D=000, ML_S=000, R_D=000
2024/06/17 09:14:46.542 => State=0, M_D=063, M_S=000, ML_D=000, ML_S=000, R_D=000
2024/06/17 09:14:46.642 => State=0, M_D=063, M_S=000, ML_D=000, ML_S=000, R_D=000
2024/06/17 09:14:46.741 => State=0, M_D=063, M_S=000, ML_D=000, ML_S=000, R_D=000
2024/06/17 09:14:46.841 => State=0, M_D=063, M_S=000, ML_D=000, ML_S=000, R_D=000
2024/06/17 09:14:46.941 => State=0, M_D=063, M_S=000, ML_D=000, ML_S=000, R_D=000
2024/06/17 09:14:47.041 => State=0, M_D=063, M_S=000, ML_D=000, ML_S=000, R_D=000
2024/06/17 09:14:47.141 => State=0, M_D=063, M_S=000, ML_D=000, ML_S=000, R_D=000
2024/06/17 09:14:47.241 => State=0, M_D=063, M_S=000, ML_D=000, ML_S=000, R_D=000
2024/06/17 09:14:47.342 => State=0, M_D=063, M_S=000, ML_D=000, ML_S=000, R_D=000
2024/06/17 09:14:47.441 => State=0, M_D=063, M_S=000, ML_D=000, ML_S=000, R_D=000
2024/06/17 09:14:47.541 => State=0, M_D=063, M_S=000, ML_D=000, ML_S=000, R_D=000
2024/06/17 09:14:47.641 => State=0, M_D=063, M_S=000, ML_D=000, ML_S=000, R_D=000
2024/06/17 09:14:47.741 => State=0, M_D=063, M_S=000, ML_D=000, ML_S=000, R_D=000
2024/06/17 09:14:47.841 => State=0, M_D=063, M_S=000, ML_D=000, ML_S=000, R_D=000
2024/06/17 09:14:47.941 => State=0, M_D=063, M_S=000, ML_D=000, ML_S=000, R_D=000
2024/06/17 09:14:48.041 => State=0, M_D=063, M_S=000, ML_D=000, ML_S=000, R_D=000
2024/06/17 09:14:48.141 => State=0, M_D=063, M_S=000, ML_D=000, ML_S=000, R_D=000
2024/06/17 09:14:48.241 => State=0, M_D=063, M_S=000, ML_D=000, ML_S=000, R_D=000
2024/06/17 09:14:48.341 => State=0, M_D=063, M_S=000, ML_D=000, ML_S=000, R_D=000
2024/06/17 09:14:48.442 => State=0, M_D=063, M_S=000, ML_D=000, ML_S=000, R_D=000
2024/06/17 09:14:48.542 => State=0, M_D=063, M_S=000, ML_D=000, ML_S=000, R_D=000
2024/06/17 09:14:48.641 => State=0, M_D=063, M_S=000, ML_D=000, ML_S=000, R_D=000
2024/06/17 09:14:48.741 => State=0, M_D=063, M_S=000, ML_D=000, ML_S=000, R_D=000
2024/06/17 09:14:48.841 => State=0, M_D=063, M_S=000, ML_D=000, ML_S=000, R_D=000
2024/06/17 09:14:48.941 => State=0, M_D=063, M_S=000, ML_D=000, ML_S=000, R_D=000
2024/06/17 09:14:49.041 => State=0, M_D=063, M_S=000, ML_D=000, ML_S=000, R_D=000
2024/06/17 09:14:49.142 => State=0, M_D=063, M_S=000, ML_D=000, ML_S=000, R_D=000
2024/06/17 09:14:49.241 => State=0, M_D=063, M_S=000, ML_D=000, ML_S=000, R_D=000
2024/06/17 09:14:49.341 => State=0, M_D=063, M_S=000, ML_D=000, ML_S=000, R_D=000
2024/06/17 09:14:49.441 => State=0, M_D=063, M_S=000, ML_D=000, ML_S=000, R_D=000
2024/06/17 09:14:49.541 => State=0, M_D=063, M_S=000, ML_D=000, ML_S=000, R_D=000
2024/06/17 09:14:49.641 => State=0, M_D=063, M_S=000, ML_D=000, ML_S=000, R_D=000
2024/06/17 09:14:49.741 => State=0, M_D=063, M_S=000, ML_D=000, ML_S=000, R_D=000
2024/06/17 09:14:49.841 => State=0, M_D=063, M_S=000, ML_D=000, ML_S=000, R_D=000
2024/06/17 09:14:49.941 => State=0, M_D=063, M_S=000, ML_D=000, ML_S=000, R_D=000
2024/06/17 09:14:50.041 => State=0, M_D=063, M_S=000, ML_D=000, ML_S=000, R_D=000
2024/06/17 09:14:50.141 => State=0, M_D=063, M_S=000, ML_D=000, ML_S=000, R_D=000
2024/06/17 09:14:50.241 => State=0, M_D=063, M_S=000, ML_D=000, ML_S=000, R_D=000
2024/06/17 09:14:50.341 => State=0, M_D=063, M_S=000, ML_D=000, ML_S=000, R_D=000
2024/06/17 09:14:50.441 => State=0, M_D=063, M_S=000, ML_D=000, ML_S=000, R_D=000
2024/06/17 09:14:50.495 => prepare exit thread..., name=ABDData, tid=10984(0x00002ae8)
2024/06/17 09:14:50.540 => thread exit, name=ABDData, tid=10984(0x00002ae8)
2024/06/17 09:14:50.540 => thread exit over, name=ABDData, tid=10984(0x00002ae8)
2024/06/17 09:14:50.540 => Cancel Read Data
2024/06/17 09:15:02.545 => Cancel Read Data
2024/06/17 09:15:02.547 => Cancel Read Data
2024/06/17 09:15:02.551 => Cancel Read Data
