2024/06/17 09:15:45.293 => OpenSerial: Com=9 BaudRate=256000, Success=1
2024/06/17 09:15:45.299 => CRadarProtocolDevice::OpenCmdMode: CMDID(0x00FF) Success
2024/06/17 09:15:45.299 => protocol version = 1, send_recv buffer size = 64
2024/06/17 09:15:45.453 => CRadarProtocolDevice::OpenCmdMode: CMDID(0x00FF) Success
2024/06/17 09:15:45.453 => protocol version = 1, send_recv buffer size = 64
2024/06/17 09:15:45.459 => CRadarProtocolDevice::UpdateVersion: CMDID(0x0000) Success
2024/06/17 09:15:45.459 => GetVersion Return: v1.4.4_32772.0
2024/06/17 09:15:46.097 => CRadarProtocolDevice::OpenCmdMode: CMDID(0x00FF) Success
2024/06/17 09:15:46.097 => protocol version = 1, send_recv buffer size = 64
2024/06/17 09:15:46.261 => CRadarProtocolDevice::OpenCmdMode: CMDID(0x00FF) Success
2024/06/17 09:15:46.261 => protocol version = 1, send_recv buffer size = 64
2024/06/17 09:15:46.805 => CRadarProtocolDevice::SendCommand: CMDID(0x0062) Success
2024/06/17 09:15:46.811 => CRadarProtocolDevice::CloseCmdMode: CMDID(0x00FE) Success
2024/06/17 09:15:46.823 => thread create success, thread handle=0x000005d8, id=10220, name=ABDData
2024/06/17 09:15:46.823 => thread information, name=ABDData, tid=10220(0x000027ec)
2024/06/17 09:15:46.839 => State=0, M_D=030, M_S=000, ML_D=000, ML_S=000, R_D=000
2024/06/17 09:15:46.939 => State=0, M_D=030, M_S=000, ML_D=000, ML_S=000, R_D=000
2024/06/17 09:15:47.040 => State=0, M_D=030, M_S=000, ML_D=000, ML_S=000, R_D=000
2024/06/17 09:15:47.140 => State=0, M_D=030, M_S=000, ML_D=000, ML_S=000, R_D=000
2024/06/17 09:15:47.239 => State=0, M_D=030, M_S=000, ML_D=000, ML_S=000, R_D=000
2024/06/17 09:15:47.339 => State=0, M_D=030, M_S=000, ML_D=000, ML_S=000, R_D=000
2024/06/17 09:15:47.440 => State=0, M_D=030, M_S=000, ML_D=000, ML_S=000, R_D=000
2024/06/17 09:15:47.539 => State=0, M_D=030, M_S=000, ML_D=000, ML_S=000, R_D=000
2024/06/17 09:15:47.640 => State=0, M_D=030, M_S=000, ML_D=000, ML_S=000, R_D=000
2024/06/17 09:15:47.739 => State=0, M_D=030, M_S=000, ML_D=000, ML_S=000, R_D=000
2024/06/17 09:15:47.839 => State=0, M_D=030, M_S=000, ML_D=000, ML_S=000, R_D=000
2024/06/17 09:15:47.940 => State=0, M_D=030, M_S=000, ML_D=000, ML_S=000, R_D=000
2024/06/17 09:15:48.040 => State=0, M_D=030, M_S=000, ML_D=000, ML_S=000, R_D=000
2024/06/17 09:15:48.054 => prepare exit thread..., name=ABDData, tid=10220(0x000027ec)
2024/06/17 09:15:48.137 => thread exit, name=ABDData, tid=10220(0x000027ec)
2024/06/17 09:15:48.138 => thread exit over, name=ABDData, tid=10220(0x000027ec)
2024/06/17 09:15:48.138 => Cancel Read Data
2024/06/17 09:15:53.204 => CRadarProtocolDevice::OpenCmdMode: CMDID(0x00FF) failed with:A002
2024/06/17 09:15:53.205 => CRadarProtocolDevice::OpenCmdMode: CMDID(0x00FF) failed with:A002
2024/06/17 09:15:53.363 => CRadarProtocolDevice::OpenCmdMode: CMDID(0x00FF) Success
2024/06/17 09:15:53.363 => protocol version = 1, send_recv buffer size = 64
2024/06/17 09:15:53.905 => CRadarProtocolDevice::SendCommand: CMDID(0x0062) Success
2024/06/17 09:15:53.911 => CRadarProtocolDevice::CloseCmdMode: CMDID(0x00FE) Success
2024/06/17 09:15:53.922 => thread create success, thread handle=0x0000053c, id=10712, name=ABDData
2024/06/17 09:15:53.922 => thread information, name=ABDData, tid=10712(0x000029d8)
2024/06/17 09:15:53.940 => State=0, M_D=030, M_S=000, ML_D=000, ML_S=000, R_D=000
2024/06/17 09:15:54.039 => State=0, M_D=030, M_S=000, ML_D=000, ML_S=000, R_D=000
2024/06/17 09:15:54.139 => State=0, M_D=030, M_S=000, ML_D=000, ML_S=000, R_D=000
2024/06/17 09:15:54.239 => State=0, M_D=030, M_S=000, ML_D=000, ML_S=000, R_D=000
2024/06/17 09:15:54.339 => State=0, M_D=030, M_S=000, ML_D=000, ML_S=000, R_D=000
2024/06/17 09:15:54.439 => State=0, M_D=030, M_S=000, ML_D=000, ML_S=000, R_D=000
2024/06/17 09:15:54.540 => State=0, M_D=030, M_S=000, ML_D=000, ML_S=000, R_D=000
2024/06/17 09:15:54.639 => State=0, M_D=030, M_S=000, ML_D=000, ML_S=000, R_D=000
2024/06/17 09:15:54.739 => State=0, M_D=030, M_S=000, ML_D=000, ML_S=000, R_D=000
2024/06/17 09:15:54.839 => State=0, M_D=030, M_S=000, ML_D=000, ML_S=000, R_D=000
2024/06/17 09:15:54.939 => State=0, M_D=030, M_S=000, ML_D=000, ML_S=000, R_D=000
2024/06/17 09:15:55.039 => State=0, M_D=030, M_S=000, ML_D=000, ML_S=000, R_D=000
2024/06/17 09:15:55.140 => State=0, M_D=030, M_S=000, ML_D=000, ML_S=000, R_D=000
2024/06/17 09:15:55.240 => State=0, M_D=030, M_S=000, ML_D=000, ML_S=000, R_D=000
2024/06/17 09:15:55.339 => State=0, M_D=030, M_S=000, ML_D=000, ML_S=000, R_D=000
2024/06/17 09:15:55.439 => State=0, M_D=030, M_S=000, ML_D=000, ML_S=000, R_D=000
2024/06/17 09:15:55.540 => State=0, M_D=030, M_S=000, ML_D=000, ML_S=000, R_D=000
2024/06/17 09:15:55.639 => State=0, M_D=030, M_S=000, ML_D=000, ML_S=000, R_D=000
2024/06/17 09:15:55.739 => State=0, M_D=030, M_S=000, ML_D=000, ML_S=000, R_D=000
2024/06/17 09:15:55.839 => State=0, M_D=030, M_S=000, ML_D=000, ML_S=000, R_D=000
2024/06/17 09:15:55.939 => State=0, M_D=030, M_S=000, ML_D=000, ML_S=000, R_D=000
2024/06/17 09:15:56.038 => State=0, M_D=030, M_S=000, ML_D=000, ML_S=000, R_D=000
2024/06/17 09:15:56.139 => State=0, M_D=030, M_S=000, ML_D=000, ML_S=000, R_D=000
2024/06/17 09:15:56.239 => State=0, M_D=030, M_S=000, ML_D=000, ML_S=000, R_D=000
2024/06/17 09:15:56.339 => State=0, M_D=030, M_S=000, ML_D=000, ML_S=000, R_D=000
2024/06/17 09:15:56.439 => State=0, M_D=030, M_S=000, ML_D=000, ML_S=000, R_D=000
2024/06/17 09:15:56.539 => State=0, M_D=030, M_S=000, ML_D=000, ML_S=000, R_D=000
2024/06/17 09:15:56.639 => State=0, M_D=030, M_S=000, ML_D=000, ML_S=000, R_D=000
2024/06/17 09:15:56.739 => State=0, M_D=030, M_S=000, ML_D=000, ML_S=000, R_D=000
2024/06/17 09:15:56.838 => State=0, M_D=030, M_S=000, ML_D=000, ML_S=000, R_D=000
2024/06/17 09:15:56.939 => State=0, M_D=030, M_S=000, ML_D=000, ML_S=000, R_D=000
2024/06/17 09:15:57.039 => State=0, M_D=030, M_S=000, ML_D=000, ML_S=000, R_D=000
2024/06/17 09:15:57.139 => State=0, M_D=030, M_S=000, ML_D=000, ML_S=000, R_D=000
2024/06/17 09:15:57.239 => State=0, M_D=030, M_S=000, ML_D=000, ML_S=000, R_D=000
2024/06/17 09:15:57.339 => State=0, M_D=030, M_S=000, ML_D=000, ML_S=000, R_D=000
2024/06/17 09:15:57.439 => State=0, M_D=030, M_S=000, ML_D=000, ML_S=000, R_D=000
2024/06/17 09:15:57.539 => State=0, M_D=030, M_S=000, ML_D=000, ML_S=000, R_D=000
2024/06/17 09:15:57.639 => State=0, M_D=030, M_S=000, ML_D=000, ML_S=000, R_D=000
2024/06/17 09:15:57.739 => State=0, M_D=030, M_S=000, ML_D=000, ML_S=000, R_D=000
2024/06/17 09:15:57.839 => State=0, M_D=030, M_S=000, ML_D=000, ML_S=000, R_D=000
2024/06/17 09:15:57.939 => State=0, M_D=030, M_S=000, ML_D=000, ML_S=000, R_D=000
2024/06/17 09:15:58.039 => State=1, M_D=030, M_S=073, ML_D=000, ML_S=000, R_D=000
2024/06/17 09:15:58.138 => State=1, M_D=038, M_S=100, ML_D=000, ML_S=000, R_D=000
2024/06/17 09:15:58.239 => State=1, M_D=050, M_S=100, ML_D=000, ML_S=000, R_D=000
2024/06/17 09:15:58.339 => State=1, M_D=059, M_S=100, ML_D=000, ML_S=000, R_D=000
2024/06/17 09:15:58.439 => State=2, M_D=059, M_S=000, ML_D=000, ML_S=000, R_D=000
2024/06/17 09:15:58.539 => State=1, M_D=060, M_S=088, ML_D=000, ML_S=000, R_D=000
2024/06/17 09:15:58.639 => State=2, M_D=060, M_S=000, ML_D=000, ML_S=000, R_D=000
2024/06/17 09:15:58.739 => State=1, M_D=056, M_S=100, ML_D=000, ML_S=000, R_D=000
2024/06/17 09:15:58.839 => State=1, M_D=060, M_S=100, ML_D=000, ML_S=000, R_D=000
2024/06/17 09:15:58.938 => State=2, M_D=060, M_S=000, ML_D=000, ML_S=000, R_D=000
2024/06/17 09:15:59.039 => State=2, M_D=060, M_S=000, ML_D=000, ML_S=000, R_D=000
2024/06/17 09:15:59.139 => State=2, M_D=060, M_S=000, ML_D=000, ML_S=000, R_D=000
2024/06/17 09:15:59.239 => State=2, M_D=060, M_S=000, ML_D=000, ML_S=000, R_D=000
2024/06/17 09:15:59.339 => State=2, M_D=060, M_S=000, ML_D=000, ML_S=000, R_D=000
2024/06/17 09:15:59.439 => State=2, M_D=060, M_S=000, ML_D=000, ML_S=000, R_D=000
2024/06/17 09:15:59.539 => State=2, M_D=060, M_S=000, ML_D=000, ML_S=000, R_D=000
2024/06/17 09:15:59.639 => State=2, M_D=060, M_S=000, ML_D=000, ML_S=000, R_D=000
2024/06/17 09:15:59.739 => State=2, M_D=060, M_S=000, ML_D=000, ML_S=000, R_D=000
2024/06/17 09:15:59.839 => State=2, M_D=060, M_S=000, ML_D=000, ML_S=000, R_D=000
2024/06/17 09:15:59.939 => State=2, M_D=060, M_S=000, ML_D=000, ML_S=000, R_D=000
2024/06/17 09:16:00.039 => State=0, M_D=060, M_S=000, ML_D=000, ML_S=000, R_D=000
2024/06/17 09:16:00.139 => State=0, M_D=060, M_S=000, ML_D=000, ML_S=000, R_D=000
2024/06/17 09:16:00.239 => State=1, M_D=057, M_S=100, ML_D=000, ML_S=000, R_D=000
2024/06/17 09:16:00.339 => State=1, M_D=056, M_S=100, ML_D=000, ML_S=000, R_D=000
2024/06/17 09:16:00.439 => State=1, M_D=055, M_S=100, ML_D=000, ML_S=000, R_D=000
2024/06/17 09:16:00.539 => State=1, M_D=046, M_S=100, ML_D=000, ML_S=000, R_D=000
2024/06/17 09:16:00.639 => State=1, M_D=053, M_S=100, ML_D=000, ML_S=000, R_D=000
2024/06/17 09:16:00.738 => State=1, M_D=059, M_S=100, ML_D=000, ML_S=000, R_D=000
2024/06/17 09:16:00.839 => State=1, M_D=066, M_S=079, ML_D=000, ML_S=000, R_D=000
2024/06/17 09:16:00.939 => State=1, M_D=059, M_S=100, ML_D=000, ML_S=000, R_D=000
2024/06/17 09:16:01.039 => State=1, M_D=059, M_S=100, ML_D=000, ML_S=000, R_D=000
2024/06/17 09:16:01.139 => State=1, M_D=056, M_S=100, ML_D=000, ML_S=000, R_D=000
2024/06/17 09:16:01.239 => State=1, M_D=066, M_S=076, ML_D=000, ML_S=000, R_D=000
2024/06/17 09:16:01.339 => State=1, M_D=052, M_S=100, ML_D=000, ML_S=000, R_D=000
2024/06/17 09:16:01.439 => State=1, M_D=055, M_S=100, ML_D=000, ML_S=000, R_D=000
2024/06/17 09:16:01.539 => State=1, M_D=056, M_S=100, ML_D=000, ML_S=000, R_D=000
2024/06/17 09:16:01.639 => State=1, M_D=049, M_S=080, ML_D=000, ML_S=000, R_D=000
2024/06/17 09:16:01.739 => State=1, M_D=050, M_S=067, ML_D=000, ML_S=000, R_D=000
2024/06/17 09:16:01.839 => State=1, M_D=059, M_S=085, ML_D=000, ML_S=000, R_D=000
2024/06/17 09:16:01.939 => State=2, M_D=059, M_S=000, ML_D=000, ML_S=000, R_D=000
2024/06/17 09:16:02.039 => State=1, M_D=059, M_S=076, ML_D=000, ML_S=000, R_D=030
2024/06/17 09:16:02.139 => State=2, M_D=059, M_S=000, ML_D=000, ML_S=000, R_D=030
2024/06/17 09:16:02.239 => State=1, M_D=050, M_S=067, ML_D=000, ML_S=000, R_D=032
2024/06/17 09:16:02.339 => State=2, M_D=050, M_S=000, ML_D=000, ML_S=000, R_D=032
2024/06/17 09:16:02.439 => State=1, M_D=059, M_S=100, ML_D=000, ML_S=000, R_D=000
2024/06/17 09:16:02.539 => State=1, M_D=059, M_S=100, ML_D=000, ML_S=000, R_D=000
2024/06/17 09:16:02.638 => State=1, M_D=059, M_S=100, ML_D=000, ML_S=000, R_D=000
2024/06/17 09:16:02.739 => State=2, M_D=059, M_S=000, ML_D=000, ML_S=000, R_D=000
2024/06/17 09:16:02.839 => State=1, M_D=053, M_S=100, ML_D=000, ML_S=000, R_D=000
2024/06/17 09:16:02.939 => State=1, M_D=064, M_S=100, ML_D=000, ML_S=000, R_D=000
2024/06/17 09:16:03.039 => State=1, M_D=058, M_S=100, ML_D=000, ML_S=000, R_D=000
2024/06/17 09:16:03.139 => State=1, M_D=056, M_S=100, ML_D=000, ML_S=000, R_D=000
2024/06/17 09:16:03.239 => State=1, M_D=059, M_S=100, ML_D=000, ML_S=000, R_D=000
2024/06/17 09:16:03.339 => State=1, M_D=056, M_S=100, ML_D=000, ML_S=000, R_D=000
2024/06/17 09:16:03.440 => State=1, M_D=060, M_S=100, ML_D=000, ML_S=000, R_D=000
2024/06/17 09:16:03.539 => State=1, M_D=056, M_S=100, ML_D=000, ML_S=000, R_D=000
2024/06/17 09:16:03.639 => State=1, M_D=055, M_S=100, ML_D=000, ML_S=000, R_D=000
2024/06/17 09:16:03.739 => State=1, M_D=050, M_S=100, ML_D=000, ML_S=000, R_D=000
2024/06/17 09:16:03.839 => State=1, M_D=053, M_S=100, ML_D=000, ML_S=000, R_D=000
2024/06/17 09:16:03.939 => State=1, M_D=055, M_S=100, ML_D=000, ML_S=000, R_D=000
2024/06/17 09:16:04.039 => State=1, M_D=052, M_S=100, ML_D=000, ML_S=000, R_D=000
2024/06/17 09:16:04.139 => State=1, M_D=052, M_S=100, ML_D=000, ML_S=000, R_D=000
2024/06/17 09:16:04.238 => State=1, M_D=058, M_S=100, ML_D=000, ML_S=000, R_D=030
2024/06/17 09:16:04.339 => State=1, M_D=053, M_S=100, ML_D=000, ML_S=000, R_D=031
2024/06/17 09:16:04.439 => State=1, M_D=051, M_S=100, ML_D=000, ML_S=000, R_D=031
2024/06/17 09:16:04.539 => State=1, M_D=053, M_S=100, ML_D=000, ML_S=000, R_D=031
2024/06/17 09:16:04.639 => State=1, M_D=059, M_S=100, ML_D=000, ML_S=000, R_D=032
2024/06/17 09:16:04.738 => State=1, M_D=056, M_S=100, ML_D=000, ML_S=000, R_D=033
2024/06/17 09:16:04.838 => State=1, M_D=062, M_S=100, ML_D=000, ML_S=000, R_D=034
2024/06/17 09:16:04.939 => State=1, M_D=064, M_S=100, ML_D=000, ML_S=000, R_D=036
2024/06/17 09:16:05.038 => State=1, M_D=062, M_S=100, ML_D=000, ML_S=000, R_D=037
2024/06/17 09:16:05.138 => State=1, M_D=055, M_S=100, ML_D=000, ML_S=000, R_D=037
2024/06/17 09:16:05.239 => State=1, M_D=062, M_S=100, ML_D=000, ML_S=000, R_D=038
2024/06/17 09:16:05.339 => State=2, M_D=062, M_S=000, ML_D=000, ML_S=000, R_D=038
2024/06/17 09:16:05.438 => State=1, M_D=068, M_S=100, ML_D=000, ML_S=000, R_D=040
2024/06/17 09:16:05.538 => State=2, M_D=068, M_S=000, ML_D=000, ML_S=000, R_D=040
2024/06/17 09:16:05.638 => State=2, M_D=068, M_S=000, ML_D=000, ML_S=000, R_D=040
2024/06/17 09:16:05.738 => State=2, M_D=068, M_S=000, ML_D=000, ML_S=000, R_D=040
2024/06/17 09:16:05.838 => State=2, M_D=068, M_S=000, ML_D=000, ML_S=000, R_D=040
2024/06/17 09:16:05.938 => State=2, M_D=068, M_S=000, ML_D=000, ML_S=000, R_D=040
2024/06/17 09:16:06.039 => State=2, M_D=068, M_S=000, ML_D=000, ML_S=000, R_D=040
2024/06/17 09:16:06.138 => State=2, M_D=068, M_S=000, ML_D=000, ML_S=000, R_D=040
2024/06/17 09:16:06.239 => State=2, M_D=068, M_S=000, ML_D=000, ML_S=000, R_D=040
2024/06/17 09:16:06.339 => State=2, M_D=068, M_S=000, ML_D=000, ML_S=000, R_D=040
2024/06/17 09:16:06.438 => State=2, M_D=068, M_S=000, ML_D=000, ML_S=000, R_D=040
2024/06/17 09:16:06.539 => State=2, M_D=068, M_S=000, ML_D=000, ML_S=000, R_D=040
2024/06/17 09:16:06.639 => State=0, M_D=068, M_S=000, ML_D=000, ML_S=000, R_D=040
2024/06/17 09:16:06.739 => State=0, M_D=068, M_S=000, ML_D=000, ML_S=000, R_D=040
2024/06/17 09:16:06.839 => State=0, M_D=068, M_S=000, ML_D=000, ML_S=000, R_D=040
2024/06/17 09:16:06.939 => State=0, M_D=068, M_S=000, ML_D=000, ML_S=000, R_D=040
2024/06/17 09:16:07.038 => State=0, M_D=068, M_S=000, ML_D=000, ML_S=000, R_D=040
2024/06/17 09:16:07.138 => State=0, M_D=068, M_S=000, ML_D=000, ML_S=000, R_D=040
2024/06/17 09:16:07.239 => State=0, M_D=068, M_S=000, ML_D=000, ML_S=000, R_D=040
2024/06/17 09:16:07.338 => State=0, M_D=068, M_S=000, ML_D=000, ML_S=000, R_D=040
2024/06/17 09:16:07.438 => State=0, M_D=068, M_S=000, ML_D=000, ML_S=000, R_D=040
2024/06/17 09:16:07.539 => State=0, M_D=068, M_S=000, ML_D=000, ML_S=000, R_D=040
2024/06/17 09:16:07.638 => State=0, M_D=068, M_S=000, ML_D=000, ML_S=000, R_D=040
2024/06/17 09:16:07.739 => State=0, M_D=068, M_S=000, ML_D=000, ML_S=000, R_D=040
2024/06/17 09:16:07.838 => State=0, M_D=068, M_S=000, ML_D=000, ML_S=000, R_D=040
2024/06/17 09:16:07.939 => State=0, M_D=068, M_S=000, ML_D=000, ML_S=000, R_D=040
2024/06/17 09:16:08.039 => State=0, M_D=068, M_S=000, ML_D=000, ML_S=000, R_D=040
2024/06/17 09:16:08.139 => State=0, M_D=068, M_S=000, ML_D=000, ML_S=000, R_D=040
2024/06/17 09:16:08.239 => State=0, M_D=068, M_S=000, ML_D=000, ML_S=000, R_D=040
2024/06/17 09:16:08.338 => State=0, M_D=068, M_S=000, ML_D=000, ML_S=000, R_D=040
2024/06/17 09:16:08.439 => State=0, M_D=068, M_S=000, ML_D=000, ML_S=000, R_D=040
2024/06/17 09:16:08.538 => State=0, M_D=068, M_S=000, ML_D=000, ML_S=000, R_D=040
2024/06/17 09:16:08.639 => State=0, M_D=068, M_S=000, ML_D=000, ML_S=000, R_D=040
2024/06/17 09:16:08.739 => State=0, M_D=068, M_S=000, ML_D=000, ML_S=000, R_D=040
2024/06/17 09:16:08.839 => State=0, M_D=068, M_S=000, ML_D=000, ML_S=000, R_D=040
2024/06/17 09:16:08.939 => State=0, M_D=068, M_S=000, ML_D=000, ML_S=000, R_D=040
2024/06/17 09:16:09.039 => State=0, M_D=068, M_S=000, ML_D=000, ML_S=000, R_D=040
2024/06/17 09:16:09.139 => State=0, M_D=068, M_S=000, ML_D=000, ML_S=000, R_D=040
2024/06/17 09:16:09.239 => State=0, M_D=068, M_S=000, ML_D=000, ML_S=000, R_D=040
2024/06/17 09:16:09.338 => State=0, M_D=068, M_S=000, ML_D=000, ML_S=000, R_D=040
2024/06/17 09:16:09.438 => State=0, M_D=068, M_S=000, ML_D=000, ML_S=000, R_D=040
2024/06/17 09:16:09.539 => State=0, M_D=068, M_S=000, ML_D=000, ML_S=000, R_D=040
2024/06/17 09:16:09.639 => State=0, M_D=068, M_S=000, ML_D=000, ML_S=000, R_D=040
2024/06/17 09:16:09.739 => State=0, M_D=068, M_S=000, ML_D=000, ML_S=000, R_D=040
2024/06/17 09:16:09.839 => State=0, M_D=068, M_S=000, ML_D=000, ML_S=000, R_D=040
2024/06/17 09:16:09.939 => State=0, M_D=068, M_S=000, ML_D=000, ML_S=000, R_D=040
2024/06/17 09:16:10.038 => State=0, M_D=068, M_S=000, ML_D=000, ML_S=000, R_D=040
2024/06/17 09:16:10.139 => State=0, M_D=068, M_S=000, ML_D=000, ML_S=000, R_D=040
2024/06/17 09:16:10.238 => State=0, M_D=068, M_S=000, ML_D=000, ML_S=000, R_D=040
2024/06/17 09:16:10.339 => State=0, M_D=068, M_S=000, ML_D=000, ML_S=000, R_D=040
2024/06/17 09:16:10.439 => State=0, M_D=068, M_S=000, ML_D=000, ML_S=000, R_D=040
2024/06/17 09:16:10.539 => State=0, M_D=068, M_S=000, ML_D=000, ML_S=000, R_D=040
2024/06/17 09:16:10.638 => State=0, M_D=068, M_S=000, ML_D=000, ML_S=000, R_D=040
2024/06/17 09:16:10.739 => State=0, M_D=068, M_S=000, ML_D=000, ML_S=000, R_D=040
2024/06/17 09:16:10.838 => State=0, M_D=068, M_S=000, ML_D=000, ML_S=000, R_D=040
2024/06/17 09:16:10.938 => State=0, M_D=068, M_S=000, ML_D=000, ML_S=000, R_D=040
2024/06/17 09:16:11.039 => State=0, M_D=068, M_S=000, ML_D=000, ML_S=000, R_D=040
2024/06/17 09:16:11.139 => State=0, M_D=068, M_S=000, ML_D=000, ML_S=000, R_D=040
2024/06/17 09:16:11.238 => State=0, M_D=068, M_S=000, ML_D=000, ML_S=000, R_D=040
2024/06/17 09:16:11.339 => State=0, M_D=068, M_S=000, ML_D=000, ML_S=000, R_D=040
2024/06/17 09:16:11.438 => State=0, M_D=068, M_S=000, ML_D=000, ML_S=000, R_D=040
2024/06/17 09:16:11.539 => State=0, M_D=068, M_S=000, ML_D=000, ML_S=000, R_D=040
2024/06/17 09:16:11.638 => State=0, M_D=068, M_S=000, ML_D=000, ML_S=000, R_D=040
2024/06/17 09:16:11.739 => State=0, M_D=068, M_S=000, ML_D=000, ML_S=000, R_D=040
2024/06/17 09:16:11.839 => State=0, M_D=068, M_S=000, ML_D=000, ML_S=000, R_D=040
2024/06/17 09:16:11.938 => State=0, M_D=068, M_S=000, ML_D=000, ML_S=000, R_D=040
2024/06/17 09:16:12.039 => State=0, M_D=068, M_S=000, ML_D=000, ML_S=000, R_D=040
2024/06/17 09:16:12.138 => State=0, M_D=068, M_S=000, ML_D=000, ML_S=000, R_D=040
2024/06/17 09:16:12.238 => State=0, M_D=068, M_S=000, ML_D=000, ML_S=000, R_D=040
2024/06/17 09:16:12.339 => State=0, M_D=068, M_S=000, ML_D=000, ML_S=000, R_D=040
2024/06/17 09:16:12.438 => State=0, M_D=068, M_S=000, ML_D=000, ML_S=000, R_D=040
2024/06/17 09:16:12.538 => State=0, M_D=068, M_S=000, ML_D=000, ML_S=000, R_D=040
2024/06/17 09:16:12.639 => State=0, M_D=068, M_S=000, ML_D=000, ML_S=000, R_D=040
2024/06/17 09:16:12.739 => State=0, M_D=068, M_S=000, ML_D=000, ML_S=000, R_D=040
2024/06/17 09:16:12.838 => State=0, M_D=068, M_S=000, ML_D=000, ML_S=000, R_D=040
2024/06/17 09:16:12.939 => State=0, M_D=068, M_S=000, ML_D=000, ML_S=000, R_D=040
2024/06/17 09:16:13.039 => State=0, M_D=068, M_S=000, ML_D=000, ML_S=000, R_D=040
2024/06/17 09:16:13.139 => State=0, M_D=068, M_S=000, ML_D=000, ML_S=000, R_D=040
2024/06/17 09:16:13.238 => State=0, M_D=068, M_S=000, ML_D=000, ML_S=000, R_D=040
2024/06/17 09:16:13.339 => State=0, M_D=068, M_S=000, ML_D=000, ML_S=000, R_D=040
2024/06/17 09:16:13.438 => State=0, M_D=068, M_S=000, ML_D=000, ML_S=000, R_D=040
2024/06/17 09:16:13.539 => State=0, M_D=068, M_S=000, ML_D=000, ML_S=000, R_D=040
2024/06/17 09:16:13.638 => State=0, M_D=068, M_S=000, ML_D=000, ML_S=000, R_D=040
2024/06/17 09:16:13.739 => State=0, M_D=068, M_S=000, ML_D=000, ML_S=000, R_D=040
2024/06/17 09:16:13.838 => State=0, M_D=068, M_S=000, ML_D=000, ML_S=000, R_D=040
2024/06/17 09:16:13.938 => State=0, M_D=068, M_S=000, ML_D=000, ML_S=000, R_D=040
2024/06/17 09:16:14.038 => State=0, M_D=068, M_S=000, ML_D=000, ML_S=000, R_D=040
2024/06/17 09:16:14.139 => State=0, M_D=068, M_S=000, ML_D=000, ML_S=000, R_D=040
2024/06/17 09:16:14.238 => State=0, M_D=068, M_S=000, ML_D=000, ML_S=000, R_D=040
2024/06/17 09:16:14.339 => State=0, M_D=068, M_S=000, ML_D=000, ML_S=000, R_D=040
2024/06/17 09:16:14.438 => State=0, M_D=068, M_S=000, ML_D=000, ML_S=000, R_D=040
2024/06/17 09:16:14.538 => State=0, M_D=068, M_S=000, ML_D=000, ML_S=000, R_D=040
2024/06/17 09:16:14.638 => State=0, M_D=068, M_S=000, ML_D=000, ML_S=000, R_D=040
2024/06/17 09:16:14.738 => State=0, M_D=068, M_S=000, ML_D=000, ML_S=000, R_D=040
2024/06/17 09:16:14.838 => State=0, M_D=068, M_S=000, ML_D=000, ML_S=000, R_D=040
2024/06/17 09:16:14.938 => State=0, M_D=068, M_S=000, ML_D=000, ML_S=000, R_D=040
2024/06/17 09:16:15.038 => State=0, M_D=068, M_S=000, ML_D=000, ML_S=000, R_D=040
2024/06/17 09:16:15.138 => State=0, M_D=068, M_S=000, ML_D=000, ML_S=000, R_D=040
2024/06/17 09:16:15.238 => State=0, M_D=068, M_S=000, ML_D=000, ML_S=000, R_D=040
2024/06/17 09:16:15.338 => State=0, M_D=068, M_S=000, ML_D=000, ML_S=000, R_D=040
2024/06/17 09:16:15.438 => State=0, M_D=068, M_S=000, ML_D=000, ML_S=000, R_D=040
2024/06/17 09:16:15.539 => State=0, M_D=068, M_S=000, ML_D=000, ML_S=000, R_D=040
2024/06/17 09:16:15.638 => State=0, M_D=068, M_S=000, ML_D=000, ML_S=000, R_D=040
2024/06/17 09:16:15.738 => State=0, M_D=068, M_S=000, ML_D=000, ML_S=000, R_D=040
2024/06/17 09:16:15.839 => State=0, M_D=068, M_S=000, ML_D=000, ML_S=000, R_D=040
2024/06/17 09:16:15.938 => State=0, M_D=068, M_S=000, ML_D=000, ML_S=000, R_D=040
2024/06/17 09:16:16.039 => State=0, M_D=068, M_S=000, ML_D=000, ML_S=000, R_D=040
2024/06/17 09:16:16.138 => State=0, M_D=068, M_S=000, ML_D=000, ML_S=000, R_D=040
2024/06/17 09:16:16.238 => State=0, M_D=068, M_S=000, ML_D=000, ML_S=000, R_D=040
2024/06/17 09:16:16.339 => State=0, M_D=068, M_S=000, ML_D=000, ML_S=000, R_D=040
2024/06/17 09:16:16.438 => State=0, M_D=068, M_S=000, ML_D=000, ML_S=000, R_D=040
2024/06/17 09:16:16.539 => State=0, M_D=068, M_S=000, ML_D=000, ML_S=000, R_D=040
2024/06/17 09:16:16.639 => State=0, M_D=068, M_S=000, ML_D=000, ML_S=000, R_D=040
2024/06/17 09:16:16.738 => State=0, M_D=068, M_S=000, ML_D=000, ML_S=000, R_D=040
2024/06/17 09:16:16.838 => State=1, M_D=052, M_S=100, ML_D=000, ML_S=000, R_D=000
2024/06/17 09:16:16.939 => State=1, M_D=045, M_S=100, ML_D=000, ML_S=000, R_D=000
2024/06/17 09:16:17.038 => State=1, M_D=056, M_S=100, ML_D=000, ML_S=000, R_D=000
2024/06/17 09:16:17.139 => State=1, M_D=067, M_S=079, ML_D=000, ML_S=000, R_D=000
2024/06/17 09:16:17.238 => State=2, M_D=200, M_S=068, ML_D=000, ML_S=000, R_D=000
2024/06/17 09:16:17.339 => State=2, M_D=200, M_S=000, ML_D=000, ML_S=000, R_D=000
2024/06/17 09:16:17.438 => State=2, M_D=054, M_S=100, ML_D=000, ML_S=000, R_D=000
2024/06/17 09:16:17.539 => State=1, M_D=060, M_S=100, ML_D=000, ML_S=000, R_D=000
2024/06/17 09:16:17.639 => State=1, M_D=066, M_S=100, ML_D=000, ML_S=000, R_D=000
2024/06/17 09:16:17.738 => State=1, M_D=070, M_S=100, ML_D=000, ML_S=000, R_D=000
2024/06/17 09:16:17.838 => State=2, M_D=070, M_S=000, ML_D=000, ML_S=000, R_D=000
2024/06/17 09:16:17.938 => State=1, M_D=060, M_S=066, ML_D=000, ML_S=000, R_D=000
2024/06/17 09:16:18.038 => State=1, M_D=055, M_S=100, ML_D=000, ML_S=000, R_D=000
2024/06/17 09:16:18.138 => State=1, M_D=051, M_S=100, ML_D=000, ML_S=000, R_D=000
2024/06/17 09:16:18.239 => State=1, M_D=065, M_S=100, ML_D=000, ML_S=000, R_D=000
2024/06/17 09:16:18.338 => State=1, M_D=053, M_S=100, ML_D=000, ML_S=000, R_D=000
2024/06/17 09:16:18.438 => State=1, M_D=058, M_S=100, ML_D=000, ML_S=000, R_D=000
2024/06/17 09:16:18.538 => State=1, M_D=054, M_S=070, ML_D=000, ML_S=000, R_D=000
2024/06/17 09:16:18.639 => State=1, M_D=052, M_S=100, ML_D=000, ML_S=000, R_D=000
2024/06/17 09:16:18.738 => State=1, M_D=053, M_S=100, ML_D=000, ML_S=000, R_D=000
2024/06/17 09:16:18.838 => State=1, M_D=053, M_S=100, ML_D=000, ML_S=000, R_D=030
2024/06/17 09:16:18.939 => State=1, M_D=047, M_S=100, ML_D=000, ML_S=000, R_D=030
2024/06/17 09:16:19.039 => State=1, M_D=050, M_S=100, ML_D=000, ML_S=000, R_D=031
2024/06/17 09:16:19.138 => State=1, M_D=054, M_S=100, ML_D=000, ML_S=000, R_D=031
2024/06/17 09:16:19.238 => State=1, M_D=052, M_S=100, ML_D=000, ML_S=000, R_D=031
2024/06/17 09:16:19.339 => State=1, M_D=055, M_S=100, ML_D=000, ML_S=000, R_D=031
2024/06/17 09:16:19.438 => State=1, M_D=049, M_S=100, ML_D=000, ML_S=000, R_D=031
2024/06/17 09:16:19.538 => State=1, M_D=041, M_S=100, ML_D=000, ML_S=000, R_D=030
2024/06/17 09:16:19.638 => State=1, M_D=058, M_S=099, ML_D=000, ML_S=000, R_D=032
2024/06/17 09:16:19.738 => State=1, M_D=068, M_S=100, ML_D=000, ML_S=000, R_D=034
2024/06/17 09:16:19.838 => State=1, M_D=058, M_S=089, ML_D=000, ML_S=000, R_D=035
2024/06/17 09:16:19.938 => State=1, M_D=050, M_S=100, ML_D=000, ML_S=000, R_D=035
2024/06/17 09:16:20.038 => State=1, M_D=042, M_S=100, ML_D=000, ML_S=000, R_D=034
2024/06/17 09:16:20.138 => State=1, M_D=052, M_S=100, ML_D=000, ML_S=000, R_D=034
2024/06/17 09:16:20.238 => State=1, M_D=055, M_S=100, ML_D=000, ML_S=000, R_D=034
2024/06/17 09:16:20.338 => State=1, M_D=058, M_S=100, ML_D=000, ML_S=000, R_D=035
2024/06/17 09:16:20.438 => State=1, M_D=052, M_S=100, ML_D=000, ML_S=000, R_D=035
2024/06/17 09:16:20.538 => State=1, M_D=049, M_S=100, ML_D=000, ML_S=000, R_D=035
2024/06/17 09:16:20.638 => State=1, M_D=060, M_S=100, ML_D=000, ML_S=000, R_D=036
2024/06/17 09:16:20.738 => State=1, M_D=063, M_S=100, ML_D=000, ML_S=000, R_D=037
2024/06/17 09:16:20.838 => State=2, M_D=063, M_S=000, ML_D=000, ML_S=000, R_D=037
2024/06/17 09:16:20.938 => State=1, M_D=068, M_S=100, ML_D=000, ML_S=000, R_D=040
2024/06/17 09:16:21.038 => State=1, M_D=059, M_S=100, ML_D=000, ML_S=000, R_D=040
2024/06/17 09:16:21.138 => State=1, M_D=056, M_S=100, ML_D=000, ML_S=000, R_D=040
2024/06/17 09:16:21.238 => State=1, M_D=062, M_S=100, ML_D=000, ML_S=000, R_D=040
2024/06/17 09:16:21.338 => State=1, M_D=050, M_S=100, ML_D=000, ML_S=000, R_D=039
2024/06/17 09:16:21.438 => State=1, M_D=046, M_S=100, ML_D=000, ML_S=000, R_D=037
2024/06/17 09:16:21.538 => State=1, M_D=052, M_S=100, ML_D=000, ML_S=000, R_D=037
2024/06/17 09:16:21.638 => State=1, M_D=058, M_S=100, ML_D=000, ML_S=000, R_D=038
2024/06/17 09:16:21.738 => State=1, M_D=065, M_S=100, ML_D=000, ML_S=000, R_D=040
2024/06/17 09:16:21.838 => State=1, M_D=065, M_S=100, ML_D=000, ML_S=000, R_D=041
2024/06/17 09:16:21.938 => State=1, M_D=057, M_S=100, ML_D=000, ML_S=000, R_D=041
2024/06/17 09:16:22.038 => State=1, M_D=055, M_S=100, ML_D=000, ML_S=000, R_D=040
2024/06/17 09:16:22.139 => State=1, M_D=052, M_S=100, ML_D=000, ML_S=000, R_D=039
2024/06/17 09:16:22.238 => State=1, M_D=045, M_S=100, ML_D=000, ML_S=000, R_D=037
2024/06/17 09:16:22.339 => State=2, M_D=045, M_S=000, ML_D=000, ML_S=000, R_D=037
2024/06/17 09:16:22.439 => State=1, M_D=053, M_S=100, ML_D=000, ML_S=000, R_D=036
2024/06/17 09:16:22.538 => State=1, M_D=043, M_S=100, ML_D=000, ML_S=000, R_D=035
2024/06/17 09:16:22.638 => State=1, M_D=060, M_S=100, ML_D=000, ML_S=000, R_D=036
2024/06/17 09:16:22.738 => State=1, M_D=067, M_S=100, ML_D=000, ML_S=000, R_D=038
2024/06/17 09:16:22.839 => State=1, M_D=072, M_S=069, ML_D=000, ML_S=000, R_D=041
2024/06/17 09:16:22.938 => State=2, M_D=072, M_S=000, ML_D=000, ML_S=000, R_D=041
2024/06/17 09:16:23.038 => State=1, M_D=068, M_S=100, ML_D=000, ML_S=000, R_D=044
2024/06/17 09:16:23.139 => State=1, M_D=069, M_S=100, ML_D=000, ML_S=000, R_D=045
2024/06/17 09:16:23.238 => State=1, M_D=059, M_S=100, ML_D=000, ML_S=000, R_D=045
2024/06/17 09:16:23.338 => State=1, M_D=064, M_S=100, ML_D=000, ML_S=000, R_D=046
2024/06/17 09:16:23.439 => State=1, M_D=052, M_S=093, ML_D=000, ML_S=000, R_D=045
2024/06/17 09:16:23.538 => State=1, M_D=059, M_S=100, ML_D=000, ML_S=000, R_D=045
2024/06/17 09:16:23.638 => State=1, M_D=048, M_S=061, ML_D=000, ML_S=000, R_D=044
2024/06/17 09:16:23.739 => State=1, M_D=052, M_S=100, ML_D=000, ML_S=000, R_D=043
2024/06/17 09:16:23.838 => State=1, M_D=060, M_S=100, ML_D=000, ML_S=000, R_D=043
2024/06/17 09:16:23.938 => State=1, M_D=062, M_S=100, ML_D=000, ML_S=000, R_D=043
2024/06/17 09:16:24.038 => State=2, M_D=062, M_S=000, ML_D=000, ML_S=000, R_D=043
2024/06/17 09:16:24.138 => State=1, M_D=059, M_S=083, ML_D=000, ML_S=000, R_D=043
2024/06/17 09:16:24.238 => State=1, M_D=058, M_S=100, ML_D=000, ML_S=000, R_D=043
2024/06/17 09:16:24.339 => State=1, M_D=056, M_S=100, ML_D=000, ML_S=000, R_D=043
2024/06/17 09:16:24.439 => State=1, M_D=058, M_S=100, ML_D=000, ML_S=000, R_D=043
2024/06/17 09:16:24.539 => State=1, M_D=055, M_S=100, ML_D=000, ML_S=000, R_D=042
2024/06/17 09:16:24.639 => State=1, M_D=048, M_S=100, ML_D=000, ML_S=000, R_D=041
2024/06/17 09:16:24.738 => State=1, M_D=057, M_S=100, ML_D=000, ML_S=000, R_D=041
2024/06/17 09:16:24.838 => State=1, M_D=055, M_S=100, ML_D=000, ML_S=000, R_D=040
2024/06/17 09:16:24.938 => State=1, M_D=043, M_S=100, ML_D=000, ML_S=000, R_D=038
2024/06/17 09:16:25.037 => State=1, M_D=045, M_S=100, ML_D=000, ML_S=000, R_D=037
2024/06/17 09:16:25.137 => State=1, M_D=048, M_S=100, ML_D=000, ML_S=000, R_D=037
2024/06/17 09:16:25.238 => State=1, M_D=048, M_S=100, ML_D=000, ML_S=000, R_D=037
2024/06/17 09:16:25.338 => State=1, M_D=055, M_S=100, ML_D=000, ML_S=000, R_D=037
2024/06/17 09:16:25.438 => State=1, M_D=055, M_S=100, ML_D=000, ML_S=000, R_D=037
2024/06/17 09:16:25.538 => State=1, M_D=038, M_S=081, ML_D=000, ML_S=000, R_D=035
2024/06/17 09:16:25.638 => State=2, M_D=038, M_S=000, ML_D=000, ML_S=000, R_D=035
2024/06/17 09:16:25.738 => State=1, M_D=051, M_S=100, ML_D=000, ML_S=000, R_D=033
2024/06/17 09:16:25.838 => State=1, M_D=048, M_S=079, ML_D=000, ML_S=000, R_D=033
2024/06/17 09:16:25.938 => State=1, M_D=052, M_S=100, ML_D=000, ML_S=000, R_D=033
2024/06/17 09:16:26.038 => State=1, M_D=030, M_S=070, ML_D=000, ML_S=000, R_D=030
2024/06/17 09:16:26.138 => State=2, M_D=030, M_S=000, ML_D=000, ML_S=000, R_D=030
2024/06/17 09:16:26.238 => State=1, M_D=039, M_S=100, ML_D=000, ML_S=000, R_D=000
2024/06/17 09:16:26.338 => State=1, M_D=039, M_S=069, ML_D=000, ML_S=000, R_D=000
2024/06/17 09:16:26.438 => State=1, M_D=030, M_S=068, ML_D=000, ML_S=000, R_D=000
2024/06/17 09:16:26.538 => State=1, M_D=042, M_S=100, ML_D=000, ML_S=000, R_D=000
2024/06/17 09:16:26.638 => State=1, M_D=042, M_S=094, ML_D=000, ML_S=000, R_D=000
2024/06/17 09:16:26.738 => State=2, M_D=042, M_S=000, ML_D=000, ML_S=000, R_D=000
2024/06/17 09:16:26.838 => State=1, M_D=030, M_S=068, ML_D=000, ML_S=000, R_D=000
2024/06/17 09:16:26.938 => State=2, M_D=030, M_S=000, ML_D=000, ML_S=000, R_D=000
2024/06/17 09:16:27.037 => State=1, M_D=050, M_S=071, ML_D=000, ML_S=000, R_D=000
2024/06/17 09:16:27.138 => State=1, M_D=053, M_S=100, ML_D=000, ML_S=000, R_D=000
2024/06/17 09:16:27.238 => State=1, M_D=063, M_S=082, ML_D=000, ML_S=000, R_D=000
2024/06/17 09:16:27.338 => State=1, M_D=060, M_S=100, ML_D=000, ML_S=000, R_D=000
2024/06/17 09:16:27.438 => State=1, M_D=065, M_S=100, ML_D=000, ML_S=000, R_D=000
2024/06/17 09:16:27.537 => State=2, M_D=065, M_S=000, ML_D=000, ML_S=000, R_D=000
2024/06/17 09:16:27.638 => State=2, M_D=065, M_S=000, ML_D=000, ML_S=000, R_D=000
2024/06/17 09:16:27.739 => State=2, M_D=065, M_S=000, ML_D=000, ML_S=000, R_D=000
2024/06/17 09:16:27.838 => State=2, M_D=065, M_S=000, ML_D=000, ML_S=000, R_D=000
2024/06/17 09:16:27.938 => State=2, M_D=065, M_S=000, ML_D=000, ML_S=000, R_D=000
2024/06/17 09:16:28.038 => State=2, M_D=065, M_S=000, ML_D=000, ML_S=000, R_D=000
2024/06/17 09:16:28.138 => State=2, M_D=065, M_S=000, ML_D=000, ML_S=000, R_D=000
2024/06/17 09:16:28.238 => State=2, M_D=065, M_S=000, ML_D=000, ML_S=000, R_D=000
2024/06/17 09:16:28.338 => State=2, M_D=065, M_S=000, ML_D=000, ML_S=000, R_D=000
2024/06/17 09:16:28.438 => State=2, M_D=065, M_S=000, ML_D=000, ML_S=000, R_D=000
2024/06/17 09:16:28.538 => State=2, M_D=065, M_S=000, ML_D=000, ML_S=000, R_D=000
2024/06/17 09:16:28.638 => State=0, M_D=065, M_S=000, ML_D=000, ML_S=000, R_D=000
2024/06/17 09:16:28.738 => State=0, M_D=065, M_S=000, ML_D=000, ML_S=000, R_D=000
2024/06/17 09:16:28.838 => State=0, M_D=065, M_S=000, ML_D=000, ML_S=000, R_D=000
2024/06/17 09:16:28.938 => State=0, M_D=065, M_S=000, ML_D=000, ML_S=000, R_D=000
2024/06/17 09:16:29.037 => State=0, M_D=065, M_S=000, ML_D=000, ML_S=000, R_D=000
2024/06/17 09:16:29.138 => State=0, M_D=065, M_S=000, ML_D=000, ML_S=000, R_D=000
2024/06/17 09:16:29.238 => State=0, M_D=065, M_S=000, ML_D=000, ML_S=000, R_D=000
2024/06/17 09:16:29.338 => State=0, M_D=065, M_S=000, ML_D=000, ML_S=000, R_D=000
2024/06/17 09:16:29.438 => State=0, M_D=065, M_S=000, ML_D=000, ML_S=000, R_D=000
2024/06/17 09:16:29.538 => State=0, M_D=065, M_S=000, ML_D=000, ML_S=000, R_D=000
2024/06/17 09:16:29.638 => State=0, M_D=065, M_S=000, ML_D=000, ML_S=000, R_D=000
2024/06/17 09:16:29.738 => State=0, M_D=065, M_S=000, ML_D=000, ML_S=000, R_D=000
2024/06/17 09:16:29.838 => State=0, M_D=065, M_S=000, ML_D=000, ML_S=000, R_D=000
2024/06/17 09:16:29.937 => State=0, M_D=065, M_S=000, ML_D=000, ML_S=000, R_D=000
2024/06/17 09:16:30.038 => State=0, M_D=065, M_S=000, ML_D=000, ML_S=000, R_D=000
2024/06/17 09:16:30.138 => State=0, M_D=065, M_S=000, ML_D=000, ML_S=000, R_D=000
2024/06/17 09:16:30.238 => State=0, M_D=065, M_S=000, ML_D=000, ML_S=000, R_D=000
2024/06/17 09:16:30.338 => State=0, M_D=065, M_S=000, ML_D=000, ML_S=000, R_D=000
2024/06/17 09:16:30.438 => State=0, M_D=065, M_S=000, ML_D=000, ML_S=000, R_D=000
2024/06/17 09:16:30.538 => State=0, M_D=065, M_S=000, ML_D=000, ML_S=000, R_D=000
2024/06/17 09:16:30.638 => State=0, M_D=065, M_S=000, ML_D=000, ML_S=000, R_D=000
2024/06/17 09:16:30.738 => State=0, M_D=065, M_S=000, ML_D=000, ML_S=000, R_D=000
2024/06/17 09:16:30.838 => State=0, M_D=065, M_S=000, ML_D=000, ML_S=000, R_D=000
2024/06/17 09:16:30.938 => State=0, M_D=065, M_S=000, ML_D=000, ML_S=000, R_D=000
2024/06/17 09:16:31.038 => State=0, M_D=065, M_S=000, ML_D=000, ML_S=000, R_D=000
2024/06/17 09:16:31.138 => State=0, M_D=065, M_S=000, ML_D=000, ML_S=000, R_D=000
2024/06/17 09:16:31.238 => State=0, M_D=065, M_S=000, ML_D=000, ML_S=000, R_D=000
2024/06/17 09:16:31.338 => State=0, M_D=065, M_S=000, ML_D=000, ML_S=000, R_D=000
2024/06/17 09:16:31.438 => State=0, M_D=065, M_S=000, ML_D=000, ML_S=000, R_D=000
2024/06/17 09:16:31.538 => State=0, M_D=065, M_S=000, ML_D=000, ML_S=000, R_D=000
2024/06/17 09:16:31.638 => State=0, M_D=065, M_S=000, ML_D=000, ML_S=000, R_D=000
2024/06/17 09:16:31.738 => State=0, M_D=065, M_S=000, ML_D=000, ML_S=000, R_D=000
2024/06/17 09:16:31.838 => State=0, M_D=065, M_S=000, ML_D=000, ML_S=000, R_D=000
2024/06/17 09:16:31.937 => State=0, M_D=065, M_S=000, ML_D=000, ML_S=000, R_D=000
2024/06/17 09:16:32.037 => State=0, M_D=065, M_S=000, ML_D=000, ML_S=000, R_D=000
2024/06/17 09:16:32.138 => State=0, M_D=065, M_S=000, ML_D=000, ML_S=000, R_D=000
2024/06/17 09:16:32.238 => State=0, M_D=065, M_S=000, ML_D=000, ML_S=000, R_D=000
2024/06/17 09:16:32.338 => State=0, M_D=065, M_S=000, ML_D=000, ML_S=000, R_D=000
2024/06/17 09:16:32.438 => State=0, M_D=065, M_S=000, ML_D=000, ML_S=000, R_D=000
2024/06/17 09:16:32.538 => State=0, M_D=065, M_S=000, ML_D=000, ML_S=000, R_D=000
2024/06/17 09:16:32.638 => State=0, M_D=065, M_S=000, ML_D=000, ML_S=000, R_D=000
2024/06/17 09:16:32.738 => State=0, M_D=065, M_S=000, ML_D=000, ML_S=000, R_D=000
2024/06/17 09:16:32.837 => State=0, M_D=065, M_S=000, ML_D=000, ML_S=000, R_D=000
2024/06/17 09:16:32.938 => State=0, M_D=065, M_S=000, ML_D=000, ML_S=000, R_D=000
2024/06/17 09:16:33.037 => State=0, M_D=065, M_S=000, ML_D=000, ML_S=000, R_D=000
2024/06/17 09:16:33.137 => State=0, M_D=065, M_S=000, ML_D=000, ML_S=000, R_D=000
2024/06/17 09:16:33.238 => State=0, M_D=065, M_S=000, ML_D=000, ML_S=000, R_D=000
2024/06/17 09:16:33.338 => State=0, M_D=065, M_S=000, ML_D=000, ML_S=000, R_D=000
2024/06/17 09:16:33.437 => State=0, M_D=065, M_S=000, ML_D=000, ML_S=000, R_D=000
2024/06/17 09:16:33.538 => State=0, M_D=065, M_S=000, ML_D=000, ML_S=000, R_D=000
2024/06/17 09:16:33.637 => State=0, M_D=065, M_S=000, ML_D=000, ML_S=000, R_D=000
2024/06/17 09:16:33.738 => State=0, M_D=065, M_S=000, ML_D=000, ML_S=000, R_D=000
2024/06/17 09:16:33.837 => State=0, M_D=065, M_S=000, ML_D=000, ML_S=000, R_D=000
2024/06/17 09:16:33.938 => State=0, M_D=065, M_S=000, ML_D=000, ML_S=000, R_D=000
2024/06/17 09:16:34.037 => State=0, M_D=065, M_S=000, ML_D=000, ML_S=000, R_D=000
2024/06/17 09:16:34.138 => State=0, M_D=065, M_S=000, ML_D=000, ML_S=000, R_D=000
2024/06/17 09:16:34.238 => State=0, M_D=065, M_S=000, ML_D=000, ML_S=000, R_D=000
2024/06/17 09:16:34.338 => State=0, M_D=065, M_S=000, ML_D=000, ML_S=000, R_D=000
2024/06/17 09:16:34.438 => State=0, M_D=065, M_S=000, ML_D=000, ML_S=000, R_D=000
2024/06/17 09:16:34.537 => State=0, M_D=065, M_S=000, ML_D=000, ML_S=000, R_D=000
2024/06/17 09:16:34.638 => State=0, M_D=065, M_S=000, ML_D=000, ML_S=000, R_D=000
2024/06/17 09:16:34.738 => State=0, M_D=065, M_S=000, ML_D=000, ML_S=000, R_D=000
2024/06/17 09:16:34.837 => State=0, M_D=065, M_S=000, ML_D=000, ML_S=000, R_D=000
2024/06/17 09:16:34.938 => State=0, M_D=065, M_S=000, ML_D=000, ML_S=000, R_D=000
2024/06/17 09:16:35.038 => State=0, M_D=065, M_S=000, ML_D=000, ML_S=000, R_D=000
2024/06/17 09:16:35.138 => State=0, M_D=065, M_S=000, ML_D=000, ML_S=000, R_D=000
2024/06/17 09:16:35.238 => State=0, M_D=065, M_S=000, ML_D=000, ML_S=000, R_D=000
2024/06/17 09:16:35.338 => State=0, M_D=065, M_S=000, ML_D=000, ML_S=000, R_D=000
2024/06/17 09:16:35.438 => State=0, M_D=065, M_S=000, ML_D=000, ML_S=000, R_D=000
2024/06/17 09:16:35.537 => State=0, M_D=065, M_S=000, ML_D=000, ML_S=000, R_D=000
2024/06/17 09:16:35.637 => State=0, M_D=065, M_S=000, ML_D=000, ML_S=000, R_D=000
2024/06/17 09:16:35.738 => State=0, M_D=065, M_S=000, ML_D=000, ML_S=000, R_D=000
2024/06/17 09:16:35.837 => State=0, M_D=065, M_S=000, ML_D=000, ML_S=000, R_D=000
2024/06/17 09:16:35.938 => State=0, M_D=065, M_S=000, ML_D=000, ML_S=000, R_D=000
2024/06/17 09:16:35.989 => prepare exit thread..., name=ABDData, tid=10712(0x000029d8)
2024/06/17 09:16:36.036 => thread exit, name=ABDData, tid=10712(0x000029d8)
2024/06/17 09:16:36.037 => thread exit over, name=ABDData, tid=10712(0x000029d8)
2024/06/17 09:16:36.037 => Cancel Read Data
2024/06/17 09:16:53.594 => CRadarProtocolDevice::OpenCmdMode: CMDID(0x00FF) failed with:A002
2024/06/17 09:16:53.594 => CRadarProtocolDevice::OpenCmdMode: CMDID(0x00FF) failed with:A002
2024/06/17 09:16:53.754 => CRadarProtocolDevice::OpenCmdMode: CMDID(0x00FF) Success
2024/06/17 09:16:53.754 => protocol version = 1, send_recv buffer size = 64
2024/06/17 09:16:54.302 => CRadarProtocolDevice::SendCommand: CMDID(0x0061) Success
2024/06/17 09:16:54.308 => CRadarProtocolDevice::CloseCmdMode: CMDID(0x00FE) Success
2024/06/17 09:17:21.827 => Cancel Read Data
2024/06/17 09:17:59.828 => OpenSerial: Com=9 BaudRate=256000, Success=1
2024/06/17 09:17:59.834 => CRadarProtocolDevice::OpenCmdMode: CMDID(0x00FF) Success
2024/06/17 09:17:59.834 => protocol version = 1, send_recv buffer size = 64
2024/06/17 09:17:59.985 => CRadarProtocolDevice::OpenCmdMode: CMDID(0x00FF) Success
2024/06/17 09:17:59.986 => protocol version = 1, send_recv buffer size = 64
2024/06/17 09:17:59.991 => CRadarProtocolDevice::UpdateVersion: CMDID(0x0000) Success
2024/06/17 09:17:59.991 => GetVersion Return: v1.4.4_32772.0
2024/06/17 09:18:01.417 => CRadarProtocolDevice::OpenCmdMode: CMDID(0x00FF) Success
2024/06/17 09:18:01.417 => protocol version = 1, send_recv buffer size = 64
2024/06/17 09:18:01.571 => CRadarProtocolDevice::OpenCmdMode: CMDID(0x00FF) Success
2024/06/17 09:18:01.571 => protocol version = 1, send_recv buffer size = 64
2024/06/17 09:18:02.114 => CRadarProtocolDevice::SendCommand: CMDID(0x0062) Success
2024/06/17 09:18:02.120 => CRadarProtocolDevice::CloseCmdMode: CMDID(0x00FE) Success
2024/06/17 09:18:02.128 => thread create success, thread handle=0x0000051c, id=10420, name=ABDData
2024/06/17 09:18:02.129 => thread information, name=ABDData, tid=10420(0x000028b4)
2024/06/17 09:18:02.201 => State=0, M_D=030, M_S=000, ML_D=000, ML_S=000, R_D=000
2024/06/17 09:18:02.301 => State=0, M_D=030, M_S=000, ML_D=000, ML_S=000, R_D=000
2024/06/17 09:18:02.401 => State=0, M_D=030, M_S=000, ML_D=000, ML_S=000, R_D=000
2024/06/17 09:18:02.501 => State=0, M_D=030, M_S=000, ML_D=000, ML_S=000, R_D=000
2024/06/17 09:18:02.601 => State=0, M_D=030, M_S=000, ML_D=000, ML_S=000, R_D=000
2024/06/17 09:18:02.701 => State=0, M_D=030, M_S=000, ML_D=000, ML_S=000, R_D=000
2024/06/17 09:18:02.801 => State=0, M_D=030, M_S=000, ML_D=000, ML_S=000, R_D=000
2024/06/17 09:18:02.901 => State=0, M_D=030, M_S=000, ML_D=000, ML_S=000, R_D=000
2024/06/17 09:18:03.001 => State=0, M_D=030, M_S=000, ML_D=000, ML_S=000, R_D=000
2024/06/17 09:18:03.101 => State=0, M_D=030, M_S=000, ML_D=000, ML_S=000, R_D=000
2024/06/17 09:18:03.201 => State=0, M_D=030, M_S=000, ML_D=000, ML_S=000, R_D=000
2024/06/17 09:18:03.301 => State=0, M_D=030, M_S=000, ML_D=000, ML_S=000, R_D=000
2024/06/17 09:18:03.401 => State=0, M_D=030, M_S=000, ML_D=000, ML_S=000, R_D=000
2024/06/17 09:18:03.501 => State=0, M_D=030, M_S=000, ML_D=000, ML_S=000, R_D=000
2024/06/17 09:18:03.601 => State=0, M_D=030, M_S=000, ML_D=000, ML_S=000, R_D=000
2024/06/17 09:18:03.701 => State=0, M_D=030, M_S=000, ML_D=000, ML_S=000, R_D=000
2024/06/17 09:18:03.800 => State=0, M_D=030, M_S=000, ML_D=000, ML_S=000, R_D=000
2024/06/17 09:18:03.901 => State=0, M_D=030, M_S=000, ML_D=000, ML_S=000, R_D=000
2024/06/17 09:18:04.001 => State=0, M_D=030, M_S=000, ML_D=000, ML_S=000, R_D=000
2024/06/17 09:18:04.101 => State=0, M_D=030, M_S=000, ML_D=000, ML_S=000, R_D=000
2024/06/17 09:18:04.201 => State=0, M_D=030, M_S=000, ML_D=000, ML_S=000, R_D=000
2024/06/17 09:18:04.301 => State=1, M_D=058, M_S=100, ML_D=000, ML_S=000, R_D=000
2024/06/17 09:18:04.401 => State=1, M_D=062, M_S=100, ML_D=000, ML_S=000, R_D=000
2024/06/17 09:18:04.501 => State=1, M_D=063, M_S=100, ML_D=000, ML_S=000, R_D=000
2024/06/17 09:18:04.601 => State=1, M_D=062, M_S=100, ML_D=000, ML_S=000, R_D=000
2024/06/17 09:18:04.701 => State=1, M_D=063, M_S=100, ML_D=000, ML_S=000, R_D=000
2024/06/17 09:18:04.801 => State=1, M_D=063, M_S=100, ML_D=000, ML_S=000, R_D=000
2024/06/17 09:18:04.901 => State=1, M_D=062, M_S=100, ML_D=000, ML_S=000, R_D=000
2024/06/17 09:18:05.001 => State=1, M_D=070, M_S=100, ML_D=000, ML_S=000, R_D=000
2024/06/17 09:18:05.101 => State=1, M_D=068, M_S=100, ML_D=000, ML_S=000, R_D=000
2024/06/17 09:18:05.201 => State=1, M_D=063, M_S=095, ML_D=000, ML_S=000, R_D=000
2024/06/17 09:18:05.301 => State=1, M_D=066, M_S=100, ML_D=000, ML_S=000, R_D=000
2024/06/17 09:18:05.401 => State=1, M_D=068, M_S=100, ML_D=000, ML_S=000, R_D=000
2024/06/17 09:18:05.501 => State=1, M_D=072, M_S=100, ML_D=000, ML_S=000, R_D=000
2024/06/17 09:18:05.600 => State=1, M_D=062, M_S=100, ML_D=000, ML_S=000, R_D=000
2024/06/17 09:18:05.701 => State=1, M_D=063, M_S=076, ML_D=000, ML_S=000, R_D=000
2024/06/17 09:18:05.800 => State=2, M_D=063, M_S=000, ML_D=000, ML_S=000, R_D=000
2024/06/17 09:18:05.901 => State=1, M_D=064, M_S=071, ML_D=000, ML_S=000, R_D=033
2024/06/17 09:18:06.000 => State=2, M_D=064, M_S=000, ML_D=000, ML_S=000, R_D=033
2024/06/17 09:18:06.101 => State=2, M_D=064, M_S=000, ML_D=000, ML_S=000, R_D=033
2024/06/17 09:18:06.201 => State=1, M_D=057, M_S=100, ML_D=000, ML_S=000, R_D=000
2024/06/17 09:18:06.301 => State=1, M_D=057, M_S=100, ML_D=000, ML_S=000, R_D=000
2024/06/17 09:18:06.401 => State=1, M_D=062, M_S=100, ML_D=000, ML_S=000, R_D=000
2024/06/17 09:18:06.500 => State=1, M_D=057, M_S=062, ML_D=000, ML_S=000, R_D=000
2024/06/17 09:18:06.600 => State=2, M_D=057, M_S=000, ML_D=000, ML_S=000, R_D=000
2024/06/17 09:18:06.701 => State=1, M_D=065, M_S=100, ML_D=000, ML_S=000, R_D=000
2024/06/17 09:18:06.801 => State=1, M_D=071, M_S=079, ML_D=000, ML_S=000, R_D=000
2024/06/17 09:18:06.901 => State=1, M_D=066, M_S=100, ML_D=000, ML_S=000, R_D=000
2024/06/17 09:18:07.000 => State=1, M_D=059, M_S=100, ML_D=000, ML_S=000, R_D=000
2024/06/17 09:18:07.101 => State=1, M_D=065, M_S=100, ML_D=000, ML_S=000, R_D=000
2024/06/17 09:18:07.201 => State=1, M_D=066, M_S=100, ML_D=000, ML_S=000, R_D=000
2024/06/17 09:18:07.300 => State=1, M_D=066, M_S=100, ML_D=000, ML_S=000, R_D=000
2024/06/17 09:18:07.400 => State=1, M_D=063, M_S=100, ML_D=000, ML_S=000, R_D=000
2024/06/17 09:18:07.501 => State=1, M_D=059, M_S=100, ML_D=000, ML_S=000, R_D=000
2024/06/17 09:18:07.601 => State=2, M_D=059, M_S=000, ML_D=000, ML_S=000, R_D=000
2024/06/17 09:18:07.700 => State=2, M_D=059, M_S=000, ML_D=000, ML_S=000, R_D=000
2024/06/17 09:18:07.800 => State=2, M_D=059, M_S=000, ML_D=000, ML_S=000, R_D=000
2024/06/17 09:18:07.901 => State=2, M_D=059, M_S=000, ML_D=000, ML_S=000, R_D=000
2024/06/17 09:18:08.001 => State=1, M_D=058, M_S=100, ML_D=000, ML_S=000, R_D=000
2024/06/17 09:18:08.101 => State=2, M_D=058, M_S=000, ML_D=000, ML_S=000, R_D=000
2024/06/17 09:18:08.200 => State=1, M_D=065, M_S=100, ML_D=000, ML_S=000, R_D=000
2024/06/17 09:18:08.301 => State=1, M_D=030, M_S=071, ML_D=000, ML_S=000, R_D=000
2024/06/17 09:18:08.400 => State=1, M_D=049, M_S=068, ML_D=000, ML_S=000, R_D=000
2024/06/17 09:18:08.500 => State=2, M_D=049, M_S=000, ML_D=000, ML_S=000, R_D=000
2024/06/17 09:18:08.600 => State=1, M_D=043, M_S=075, ML_D=000, ML_S=000, R_D=000
2024/06/17 09:18:08.700 => State=2, M_D=043, M_S=000, ML_D=000, ML_S=000, R_D=000
2024/06/17 09:18:08.801 => State=2, M_D=043, M_S=000, ML_D=000, ML_S=000, R_D=000
2024/06/17 09:18:08.901 => State=2, M_D=043, M_S=000, ML_D=000, ML_S=000, R_D=000
2024/06/17 09:18:09.001 => State=2, M_D=043, M_S=000, ML_D=000, ML_S=000, R_D=000
2024/06/17 09:18:09.101 => State=2, M_D=043, M_S=000, ML_D=000, ML_S=000, R_D=000
2024/06/17 09:18:09.201 => State=2, M_D=043, M_S=000, ML_D=000, ML_S=000, R_D=000
2024/06/17 09:18:09.301 => State=2, M_D=043, M_S=000, ML_D=000, ML_S=000, R_D=000
2024/06/17 09:18:09.401 => State=2, M_D=043, M_S=000, ML_D=000, ML_S=000, R_D=000
2024/06/17 09:18:09.501 => State=2, M_D=043, M_S=000, ML_D=000, ML_S=000, R_D=000
2024/06/17 09:18:09.601 => State=2, M_D=043, M_S=000, ML_D=000, ML_S=000, R_D=000
2024/06/17 09:18:09.700 => State=2, M_D=043, M_S=000, ML_D=000, ML_S=000, R_D=000
2024/06/17 09:18:09.800 => State=0, M_D=043, M_S=000, ML_D=000, ML_S=000, R_D=000
2024/06/17 09:18:09.901 => State=1, M_D=065, M_S=066, ML_D=000, ML_S=000, R_D=000
2024/06/17 09:18:10.000 => State=2, M_D=065, M_S=000, ML_D=000, ML_S=000, R_D=000
2024/06/17 09:18:10.100 => State=1, M_D=056, M_S=073, ML_D=000, ML_S=000, R_D=000
2024/06/17 09:18:10.200 => State=2, M_D=056, M_S=000, ML_D=000, ML_S=000, R_D=000
2024/06/17 09:18:10.300 => State=1, M_D=071, M_S=068, ML_D=000, ML_S=000, R_D=000
2024/06/17 09:18:10.401 => State=1, M_D=074, M_S=100, ML_D=000, ML_S=000, R_D=000
2024/06/17 09:18:10.501 => State=2, M_D=074, M_S=000, ML_D=000, ML_S=000, R_D=000
2024/06/17 09:18:10.600 => State=1, M_D=058, M_S=065, ML_D=000, ML_S=000, R_D=000
2024/06/17 09:18:10.701 => State=2, M_D=058, M_S=000, ML_D=000, ML_S=000, R_D=000
2024/06/17 09:18:10.801 => State=2, M_D=058, M_S=000, ML_D=000, ML_S=000, R_D=000
2024/06/17 09:18:10.901 => State=1, M_D=060, M_S=100, ML_D=000, ML_S=000, R_D=000
2024/06/17 09:18:11.001 => State=1, M_D=053, M_S=100, ML_D=000, ML_S=000, R_D=000
2024/06/17 09:18:11.100 => State=1, M_D=050, M_S=100, ML_D=000, ML_S=000, R_D=000
2024/06/17 09:18:11.201 => State=1, M_D=047, M_S=100, ML_D=000, ML_S=000, R_D=000
2024/06/17 09:18:11.301 => State=1, M_D=045, M_S=100, ML_D=000, ML_S=000, R_D=000
2024/06/17 09:18:11.401 => State=1, M_D=042, M_S=100, ML_D=000, ML_S=000, R_D=000
2024/06/17 09:18:11.500 => State=1, M_D=055, M_S=100, ML_D=000, ML_S=000, R_D=000
2024/06/17 09:18:11.600 => State=1, M_D=056, M_S=100, ML_D=000, ML_S=000, R_D=000
2024/06/17 09:18:11.701 => State=1, M_D=056, M_S=100, ML_D=000, ML_S=000, R_D=000
2024/06/17 09:18:11.801 => State=1, M_D=044, M_S=100, ML_D=000, ML_S=000, R_D=000
2024/06/17 09:18:11.901 => State=1, M_D=055, M_S=100, ML_D=000, ML_S=000, R_D=000
2024/06/17 09:18:12.000 => State=1, M_D=047, M_S=100, ML_D=000, ML_S=000, R_D=000
2024/06/17 09:18:12.100 => State=1, M_D=056, M_S=100, ML_D=000, ML_S=000, R_D=000
2024/06/17 09:18:12.200 => State=1, M_D=053, M_S=100, ML_D=000, ML_S=000, R_D=000
2024/06/17 09:18:12.301 => State=1, M_D=059, M_S=100, ML_D=000, ML_S=000, R_D=000
2024/06/17 09:18:12.401 => State=1, M_D=059, M_S=100, ML_D=000, ML_S=000, R_D=000
2024/06/17 09:18:12.500 => State=1, M_D=053, M_S=100, ML_D=000, ML_S=000, R_D=000
2024/06/17 09:18:12.601 => State=1, M_D=055, M_S=100, ML_D=000, ML_S=000, R_D=000
2024/06/17 09:18:12.700 => State=1, M_D=053, M_S=100, ML_D=000, ML_S=000, R_D=000
2024/06/17 09:18:12.801 => State=1, M_D=047, M_S=100, ML_D=000, ML_S=000, R_D=000
2024/06/17 09:18:12.901 => State=1, M_D=043, M_S=100, ML_D=000, ML_S=000, R_D=000
2024/06/17 09:18:13.001 => State=1, M_D=056, M_S=100, ML_D=000, ML_S=000, R_D=030
2024/06/17 09:18:13.100 => State=1, M_D=066, M_S=100, ML_D=000, ML_S=000, R_D=033
2024/06/17 09:18:13.201 => State=1, M_D=048, M_S=079, ML_D=000, ML_S=000, R_D=033
2024/06/17 09:18:13.301 => State=1, M_D=059, M_S=100, ML_D=000, ML_S=000, R_D=034
2024/06/17 09:18:13.401 => State=1, M_D=064, M_S=100, ML_D=000, ML_S=000, R_D=036
2024/06/17 09:18:13.501 => State=1, M_D=060, M_S=100, ML_D=000, ML_S=000, R_D=037
2024/06/17 09:18:13.601 => State=1, M_D=060, M_S=100, ML_D=000, ML_S=000, R_D=038
2024/06/17 09:18:13.700 => State=1, M_D=059, M_S=100, ML_D=000, ML_S=000, R_D=039
2024/06/17 09:18:13.800 => State=1, M_D=055, M_S=100, ML_D=000, ML_S=000, R_D=038
2024/06/17 09:18:13.901 => State=1, M_D=059, M_S=100, ML_D=000, ML_S=000, R_D=039
2024/06/17 09:18:14.001 => State=1, M_D=062, M_S=089, ML_D=000, ML_S=000, R_D=039
2024/06/17 09:18:14.101 => State=2, M_D=062, M_S=000, ML_D=000, ML_S=000, R_D=039
2024/06/17 09:18:14.201 => State=2, M_D=062, M_S=000, ML_D=000, ML_S=000, R_D=039
2024/06/17 09:18:14.300 => State=1, M_D=054, M_S=099, ML_D=000, ML_S=000, R_D=038
2024/06/17 09:18:14.401 => State=1, M_D=053, M_S=099, ML_D=000, ML_S=000, R_D=038
2024/06/17 09:18:14.500 => State=1, M_D=045, M_S=100, ML_D=000, ML_S=000, R_D=037
2024/06/17 09:18:14.600 => State=1, M_D=052, M_S=064, ML_D=000, ML_S=000, R_D=037
2024/06/17 09:18:14.701 => State=1, M_D=052, M_S=100, ML_D=000, ML_S=000, R_D=037
2024/06/17 09:18:14.800 => State=1, M_D=057, M_S=100, ML_D=000, ML_S=000, R_D=038
2024/06/17 09:18:14.900 => State=1, M_D=060, M_S=100, ML_D=000, ML_S=000, R_D=039
2024/06/17 09:18:15.000 => State=1, M_D=056, M_S=100, ML_D=000, ML_S=000, R_D=039
2024/06/17 09:18:15.100 => State=1, M_D=057, M_S=100, ML_D=000, ML_S=000, R_D=039
2024/06/17 09:18:15.200 => State=1, M_D=063, M_S=100, ML_D=000, ML_S=000, R_D=039
2024/06/17 09:18:15.300 => State=2, M_D=063, M_S=000, ML_D=000, ML_S=000, R_D=039
2024/06/17 09:18:15.401 => State=1, M_D=056, M_S=100, ML_D=000, ML_S=000, R_D=039
2024/06/17 09:18:15.500 => State=1, M_D=048, M_S=100, ML_D=000, ML_S=000, R_D=038
2024/06/17 09:18:15.600 => State=2, M_D=048, M_S=000, ML_D=000, ML_S=000, R_D=038
2024/06/17 09:18:15.701 => State=2, M_D=048, M_S=000, ML_D=000, ML_S=000, R_D=038
2024/06/17 09:18:15.800 => State=2, M_D=048, M_S=000, ML_D=000, ML_S=000, R_D=038
2024/06/17 09:18:15.900 => State=2, M_D=048, M_S=000, ML_D=000, ML_S=000, R_D=038
2024/06/17 09:18:16.000 => State=1, M_D=041, M_S=076, ML_D=000, ML_S=000, R_D=000
2024/06/17 09:18:16.100 => State=2, M_D=041, M_S=000, ML_D=000, ML_S=000, R_D=000
2024/06/17 09:18:16.200 => State=2, M_D=041, M_S=000, ML_D=000, ML_S=000, R_D=000
2024/06/17 09:18:16.300 => State=2, M_D=041, M_S=000, ML_D=000, ML_S=000, R_D=000
2024/06/17 09:18:16.400 => State=2, M_D=041, M_S=000, ML_D=000, ML_S=000, R_D=000
2024/06/17 09:18:16.500 => State=2, M_D=041, M_S=000, ML_D=000, ML_S=000, R_D=000
2024/06/17 09:18:16.600 => State=2, M_D=041, M_S=000, ML_D=000, ML_S=000, R_D=000
2024/06/17 09:18:16.700 => State=2, M_D=041, M_S=000, ML_D=000, ML_S=000, R_D=000
2024/06/17 09:18:16.800 => State=2, M_D=041, M_S=000, ML_D=000, ML_S=000, R_D=000
2024/06/17 09:18:16.900 => State=2, M_D=041, M_S=000, ML_D=000, ML_S=000, R_D=000
2024/06/17 09:18:17.001 => State=2, M_D=041, M_S=000, ML_D=000, ML_S=000, R_D=000
2024/06/17 09:18:17.101 => State=2, M_D=041, M_S=000, ML_D=000, ML_S=000, R_D=000
2024/06/17 09:18:17.200 => State=0, M_D=041, M_S=000, ML_D=000, ML_S=000, R_D=000
2024/06/17 09:18:17.300 => State=0, M_D=041, M_S=000, ML_D=000, ML_S=000, R_D=000
2024/06/17 09:18:17.401 => State=0, M_D=041, M_S=000, ML_D=000, ML_S=000, R_D=000
2024/06/17 09:18:17.500 => State=0, M_D=041, M_S=000, ML_D=000, ML_S=000, R_D=000
2024/06/17 09:18:17.601 => State=0, M_D=041, M_S=000, ML_D=000, ML_S=000, R_D=000
2024/06/17 09:18:17.700 => State=0, M_D=041, M_S=000, ML_D=000, ML_S=000, R_D=000
2024/06/17 09:18:17.801 => State=0, M_D=041, M_S=000, ML_D=000, ML_S=000, R_D=000
2024/06/17 09:18:17.900 => State=0, M_D=041, M_S=000, ML_D=000, ML_S=000, R_D=000
2024/06/17 09:18:18.001 => State=0, M_D=041, M_S=000, ML_D=000, ML_S=000, R_D=000
2024/06/17 09:18:18.101 => State=0, M_D=041, M_S=000, ML_D=000, ML_S=000, R_D=000
2024/06/17 09:18:18.201 => State=0, M_D=041, M_S=000, ML_D=000, ML_S=000, R_D=000
2024/06/17 09:18:18.300 => State=0, M_D=041, M_S=000, ML_D=000, ML_S=000, R_D=000
2024/06/17 09:18:18.400 => State=0, M_D=041, M_S=000, ML_D=000, ML_S=000, R_D=000
2024/06/17 09:18:18.500 => State=0, M_D=041, M_S=000, ML_D=000, ML_S=000, R_D=000
2024/06/17 09:18:18.600 => State=0, M_D=041, M_S=000, ML_D=000, ML_S=000, R_D=000
2024/06/17 09:18:18.700 => State=0, M_D=041, M_S=000, ML_D=000, ML_S=000, R_D=000
2024/06/17 09:18:18.800 => State=0, M_D=041, M_S=000, ML_D=000, ML_S=000, R_D=000
2024/06/17 09:18:18.900 => State=0, M_D=041, M_S=000, ML_D=000, ML_S=000, R_D=000
2024/06/17 09:18:19.001 => State=0, M_D=041, M_S=000, ML_D=000, ML_S=000, R_D=000
2024/06/17 09:18:19.100 => State=0, M_D=041, M_S=000, ML_D=000, ML_S=000, R_D=000
2024/06/17 09:18:19.200 => State=0, M_D=041, M_S=000, ML_D=000, ML_S=000, R_D=000
2024/06/17 09:18:19.300 => State=0, M_D=041, M_S=000, ML_D=000, ML_S=000, R_D=000
2024/06/17 09:18:19.401 => State=0, M_D=041, M_S=000, ML_D=000, ML_S=000, R_D=000
2024/06/17 09:18:19.501 => State=1, M_D=045, M_S=100, ML_D=000, ML_S=000, R_D=000
2024/06/17 09:18:19.601 => State=1, M_D=056, M_S=100, ML_D=000, ML_S=000, R_D=000
2024/06/17 09:18:19.701 => State=1, M_D=052, M_S=100, ML_D=000, ML_S=000, R_D=000
2024/06/17 09:18:19.801 => State=2, M_D=052, M_S=000, ML_D=000, ML_S=000, R_D=000
2024/06/17 09:18:19.901 => State=1, M_D=058, M_S=100, ML_D=000, ML_S=000, R_D=000
2024/06/17 09:18:20.000 => State=2, M_D=058, M_S=000, ML_D=000, ML_S=000, R_D=000
2024/06/17 09:18:20.100 => State=1, M_D=057, M_S=100, ML_D=000, ML_S=000, R_D=000
2024/06/17 09:18:20.200 => State=2, M_D=057, M_S=000, ML_D=000, ML_S=000, R_D=000
2024/06/17 09:18:20.301 => State=1, M_D=066, M_S=061, ML_D=000, ML_S=000, R_D=000
2024/06/17 09:18:20.401 => State=1, M_D=052, M_S=100, ML_D=000, ML_S=000, R_D=000
2024/06/17 09:18:20.500 => State=1, M_D=065, M_S=068, ML_D=000, ML_S=000, R_D=000
2024/06/17 09:18:20.601 => State=1, M_D=070, M_S=076, ML_D=000, ML_S=000, R_D=000
2024/06/17 09:18:20.700 => State=2, M_D=070, M_S=000, ML_D=000, ML_S=000, R_D=000
2024/06/17 09:18:20.800 => State=2, M_D=070, M_S=000, ML_D=000, ML_S=000, R_D=000
2024/06/17 09:18:20.900 => State=1, M_D=065, M_S=090, ML_D=000, ML_S=000, R_D=000
2024/06/17 09:18:21.000 => State=2, M_D=065, M_S=000, ML_D=000, ML_S=000, R_D=000
2024/06/17 09:18:21.100 => State=1, M_D=059, M_S=100, ML_D=000, ML_S=000, R_D=000
2024/06/17 09:18:21.201 => State=1, M_D=066, M_S=100, ML_D=000, ML_S=000, R_D=000
2024/06/17 09:18:21.300 => State=2, M_D=066, M_S=000, ML_D=000, ML_S=000, R_D=000
2024/06/17 09:18:21.401 => State=1, M_D=062, M_S=100, ML_D=000, ML_S=000, R_D=000
2024/06/17 09:18:21.500 => State=1, M_D=056, M_S=100, ML_D=000, ML_S=000, R_D=000
2024/06/17 09:18:21.601 => State=1, M_D=061, M_S=100, ML_D=000, ML_S=000, R_D=000
2024/06/17 09:18:21.700 => State=1, M_D=060, M_S=100, ML_D=000, ML_S=000, R_D=000
2024/06/17 09:18:21.800 => State=1, M_D=056, M_S=100, ML_D=000, ML_S=000, R_D=000
2024/06/17 09:18:21.900 => State=1, M_D=061, M_S=100, ML_D=000, ML_S=000, R_D=000
2024/06/17 09:18:22.000 => State=1, M_D=059, M_S=100, ML_D=000, ML_S=000, R_D=000
2024/06/17 09:18:22.100 => State=1, M_D=058, M_S=100, ML_D=000, ML_S=000, R_D=000
2024/06/17 09:18:22.200 => State=1, M_D=059, M_S=100, ML_D=000, ML_S=000, R_D=000
2024/06/17 09:18:22.300 => State=1, M_D=055, M_S=100, ML_D=000, ML_S=000, R_D=000
2024/06/17 09:18:22.400 => State=1, M_D=058, M_S=100, ML_D=000, ML_S=000, R_D=000
2024/06/17 09:18:22.500 => State=1, M_D=054, M_S=100, ML_D=000, ML_S=000, R_D=000
2024/06/17 09:18:22.600 => State=1, M_D=052, M_S=100, ML_D=000, ML_S=000, R_D=000
2024/06/17 09:18:22.701 => State=1, M_D=059, M_S=100, ML_D=000, ML_S=000, R_D=000
2024/06/17 09:18:22.800 => State=1, M_D=059, M_S=100, ML_D=000, ML_S=000, R_D=000
2024/06/17 09:18:22.900 => State=1, M_D=058, M_S=100, ML_D=000, ML_S=000, R_D=030
2024/06/17 09:18:23.000 => State=1, M_D=052, M_S=100, ML_D=000, ML_S=000, R_D=031
2024/06/17 09:18:23.100 => State=1, M_D=060, M_S=100, ML_D=000, ML_S=000, R_D=032
2024/06/17 09:18:23.200 => State=1, M_D=059, M_S=100, ML_D=000, ML_S=000, R_D=033
2024/06/17 09:18:23.300 => State=1, M_D=054, M_S=100, ML_D=000, ML_S=000, R_D=033
2024/06/17 09:18:23.400 => State=1, M_D=060, M_S=100, ML_D=000, ML_S=000, R_D=034
2024/06/17 09:18:23.500 => State=1, M_D=059, M_S=100, ML_D=000, ML_S=000, R_D=035
2024/06/17 09:18:23.601 => State=1, M_D=057, M_S=100, ML_D=000, ML_S=000, R_D=036
2024/06/17 09:18:23.700 => State=1, M_D=058, M_S=100, ML_D=000, ML_S=000, R_D=037
2024/06/17 09:18:23.800 => State=1, M_D=061, M_S=100, ML_D=000, ML_S=000, R_D=038
2024/06/17 09:18:23.900 => State=1, M_D=053, M_S=100, ML_D=000, ML_S=000, R_D=038
2024/06/17 09:18:24.000 => State=1, M_D=059, M_S=100, ML_D=000, ML_S=000, R_D=039
2024/06/17 09:18:24.100 => State=1, M_D=050, M_S=100, ML_D=000, ML_S=000, R_D=038
2024/06/17 09:18:24.201 => State=2, M_D=209, M_S=059, ML_D=000, ML_S=000, R_D=038
2024/06/17 09:18:24.300 => State=2, M_D=059, M_S=100, ML_D=000, ML_S=000, R_D=038
2024/06/17 09:18:24.400 => State=1, M_D=058, M_S=100, ML_D=000, ML_S=000, R_D=054
2024/06/17 09:18:24.500 => State=1, M_D=058, M_S=090, ML_D=000, ML_S=000, R_D=053
2024/06/17 09:18:24.600 => State=1, M_D=057, M_S=100, ML_D=000, ML_S=000, R_D=052
2024/06/17 09:18:24.701 => State=1, M_D=054, M_S=100, ML_D=000, ML_S=000, R_D=050
2024/06/17 09:18:24.800 => State=1, M_D=066, M_S=100, ML_D=000, ML_S=000, R_D=050
2024/06/17 09:18:24.900 => State=1, M_D=052, M_S=100, ML_D=000, ML_S=000, R_D=048
2024/06/17 09:18:25.000 => State=1, M_D=052, M_S=100, ML_D=000, ML_S=000, R_D=046
2024/06/17 09:18:25.100 => State=1, M_D=058, M_S=100, ML_D=000, ML_S=000, R_D=046
2024/06/17 09:18:25.200 => State=1, M_D=053, M_S=100, ML_D=000, ML_S=000, R_D=045
2024/06/17 09:18:25.300 => State=1, M_D=052, M_S=100, ML_D=000, ML_S=000, R_D=044
2024/06/17 09:18:25.400 => State=1, M_D=060, M_S=100, ML_D=000, ML_S=000, R_D=044
2024/06/17 09:18:25.500 => State=1, M_D=055, M_S=100, ML_D=000, ML_S=000, R_D=043
2024/06/17 09:18:25.600 => State=1, M_D=053, M_S=100, ML_D=000, ML_S=000, R_D=042
2024/06/17 09:18:25.700 => State=1, M_D=055, M_S=100, ML_D=000, ML_S=000, R_D=041
2024/06/17 09:18:25.800 => State=1, M_D=059, M_S=100, ML_D=000, ML_S=000, R_D=041
2024/06/17 09:18:25.901 => State=1, M_D=052, M_S=100, ML_D=000, ML_S=000, R_D=040
2024/06/17 09:18:26.001 => State=1, M_D=065, M_S=100, ML_D=000, ML_S=000, R_D=041
2024/06/17 09:18:26.100 => State=1, M_D=063, M_S=100, ML_D=000, ML_S=000, R_D=041
2024/06/17 09:18:26.200 => State=1, M_D=051, M_S=100, ML_D=000, ML_S=000, R_D=040
2024/06/17 09:18:26.301 => State=1, M_D=058, M_S=100, ML_D=000, ML_S=000, R_D=040
2024/06/17 09:18:26.400 => State=1, M_D=060, M_S=100, ML_D=000, ML_S=000, R_D=040
2024/06/17 09:18:26.501 => State=1, M_D=056, M_S=100, ML_D=000, ML_S=000, R_D=040
2024/06/17 09:18:26.600 => State=1, M_D=052, M_S=100, ML_D=000, ML_S=000, R_D=039
2024/06/17 09:18:26.700 => State=1, M_D=059, M_S=100, ML_D=000, ML_S=000, R_D=039
2024/06/17 09:18:26.800 => State=1, M_D=055, M_S=100, ML_D=000, ML_S=000, R_D=038
2024/06/17 09:18:26.901 => State=1, M_D=057, M_S=100, ML_D=000, ML_S=000, R_D=039
2024/06/17 09:18:27.000 => State=1, M_D=055, M_S=100, ML_D=000, ML_S=000, R_D=038
2024/06/17 09:18:27.100 => State=1, M_D=058, M_S=100, ML_D=000, ML_S=000, R_D=039
2024/06/17 09:18:27.200 => State=1, M_D=056, M_S=100, ML_D=000, ML_S=000, R_D=039
2024/06/17 09:18:27.301 => State=1, M_D=056, M_S=100, ML_D=000, ML_S=000, R_D=039
2024/06/17 09:18:27.400 => State=1, M_D=058, M_S=100, ML_D=000, ML_S=000, R_D=039
2024/06/17 09:18:27.500 => State=1, M_D=060, M_S=090, ML_D=000, ML_S=000, R_D=039
2024/06/17 09:18:27.600 => State=1, M_D=066, M_S=100, ML_D=000, ML_S=000, R_D=040
2024/06/17 09:18:27.700 => State=1, M_D=060, M_S=100, ML_D=000, ML_S=000, R_D=040
2024/06/17 09:18:27.801 => State=1, M_D=046, M_S=100, ML_D=000, ML_S=000, R_D=038
2024/06/17 09:18:27.900 => State=1, M_D=050, M_S=100, ML_D=000, ML_S=000, R_D=038
2024/06/17 09:18:28.000 => State=1, M_D=052, M_S=100, ML_D=000, ML_S=000, R_D=038
2024/06/17 09:18:28.100 => State=1, M_D=049, M_S=100, ML_D=000, ML_S=000, R_D=038
2024/06/17 09:18:28.200 => State=1, M_D=049, M_S=100, ML_D=000, ML_S=000, R_D=038
2024/06/17 09:18:28.300 => State=1, M_D=045, M_S=073, ML_D=000, ML_S=000, R_D=037
2024/06/17 09:18:28.400 => State=2, M_D=045, M_S=000, ML_D=000, ML_S=000, R_D=037
2024/06/17 09:18:28.500 => State=2, M_D=045, M_S=000, ML_D=000, ML_S=000, R_D=037
2024/06/17 09:18:28.600 => State=2, M_D=045, M_S=000, ML_D=000, ML_S=000, R_D=037
2024/06/17 09:18:28.701 => State=2, M_D=045, M_S=000, ML_D=000, ML_S=000, R_D=037
2024/06/17 09:18:28.800 => State=2, M_D=045, M_S=000, ML_D=000, ML_S=000, R_D=037
2024/06/17 09:18:28.900 => State=2, M_D=045, M_S=000, ML_D=000, ML_S=000, R_D=037
2024/06/17 09:18:29.000 => State=2, M_D=045, M_S=000, ML_D=000, ML_S=000, R_D=037
2024/06/17 09:18:29.100 => State=2, M_D=045, M_S=000, ML_D=000, ML_S=000, R_D=037
2024/06/17 09:18:29.200 => State=2, M_D=045, M_S=000, ML_D=000, ML_S=000, R_D=037
2024/06/17 09:18:29.300 => State=2, M_D=045, M_S=000, ML_D=000, ML_S=000, R_D=037
2024/06/17 09:18:29.400 => State=2, M_D=045, M_S=000, ML_D=000, ML_S=000, R_D=037
2024/06/17 09:18:29.500 => State=0, M_D=045, M_S=000, ML_D=000, ML_S=000, R_D=037
2024/06/17 09:18:29.599 => State=0, M_D=045, M_S=000, ML_D=000, ML_S=000, R_D=037
2024/06/17 09:18:29.700 => State=0, M_D=045, M_S=000, ML_D=000, ML_S=000, R_D=037
2024/06/17 09:18:29.800 => State=0, M_D=045, M_S=000, ML_D=000, ML_S=000, R_D=037
2024/06/17 09:18:29.900 => State=0, M_D=045, M_S=000, ML_D=000, ML_S=000, R_D=037
2024/06/17 09:18:29.999 => State=0, M_D=045, M_S=000, ML_D=000, ML_S=000, R_D=037
2024/06/17 09:18:30.100 => State=0, M_D=045, M_S=000, ML_D=000, ML_S=000, R_D=037
2024/06/17 09:18:30.200 => State=0, M_D=045, M_S=000, ML_D=000, ML_S=000, R_D=037
2024/06/17 09:18:30.300 => State=0, M_D=045, M_S=000, ML_D=000, ML_S=000, R_D=037
2024/06/17 09:18:30.400 => State=0, M_D=045, M_S=000, ML_D=000, ML_S=000, R_D=037
2024/06/17 09:18:30.500 => State=0, M_D=045, M_S=000, ML_D=000, ML_S=000, R_D=037
2024/06/17 09:18:30.600 => State=0, M_D=045, M_S=000, ML_D=000, ML_S=000, R_D=037
2024/06/17 09:18:30.700 => State=0, M_D=045, M_S=000, ML_D=000, ML_S=000, R_D=037
2024/06/17 09:18:30.800 => State=0, M_D=045, M_S=000, ML_D=000, ML_S=000, R_D=037
2024/06/17 09:18:30.900 => State=0, M_D=045, M_S=000, ML_D=000, ML_S=000, R_D=037
2024/06/17 09:18:31.000 => State=0, M_D=045, M_S=000, ML_D=000, ML_S=000, R_D=037
2024/06/17 09:18:31.100 => State=0, M_D=045, M_S=000, ML_D=000, ML_S=000, R_D=037
2024/06/17 09:18:31.200 => State=0, M_D=045, M_S=000, ML_D=000, ML_S=000, R_D=037
2024/06/17 09:18:31.300 => State=0, M_D=045, M_S=000, ML_D=000, ML_S=000, R_D=037
2024/06/17 09:18:31.400 => State=0, M_D=045, M_S=000, ML_D=000, ML_S=000, R_D=037
2024/06/17 09:18:31.500 => State=0, M_D=045, M_S=000, ML_D=000, ML_S=000, R_D=037
2024/06/17 09:18:31.600 => State=0, M_D=045, M_S=000, ML_D=000, ML_S=000, R_D=037
2024/06/17 09:18:31.700 => State=0, M_D=045, M_S=000, ML_D=000, ML_S=000, R_D=037
2024/06/17 09:18:31.800 => State=0, M_D=045, M_S=000, ML_D=000, ML_S=000, R_D=037
2024/06/17 09:18:31.900 => State=0, M_D=045, M_S=000, ML_D=000, ML_S=000, R_D=037
2024/06/17 09:18:32.000 => State=0, M_D=045, M_S=000, ML_D=000, ML_S=000, R_D=037
2024/06/17 09:18:32.100 => State=0, M_D=045, M_S=000, ML_D=000, ML_S=000, R_D=037
2024/06/17 09:18:32.200 => State=0, M_D=045, M_S=000, ML_D=000, ML_S=000, R_D=037
2024/06/17 09:18:32.299 => State=0, M_D=045, M_S=000, ML_D=000, ML_S=000, R_D=037
2024/06/17 09:18:32.400 => State=0, M_D=045, M_S=000, ML_D=000, ML_S=000, R_D=037
2024/06/17 09:18:32.500 => State=0, M_D=045, M_S=000, ML_D=000, ML_S=000, R_D=037
2024/06/17 09:18:32.600 => State=0, M_D=045, M_S=000, ML_D=000, ML_S=000, R_D=037
2024/06/17 09:18:32.700 => State=0, M_D=045, M_S=000, ML_D=000, ML_S=000, R_D=037
2024/06/17 09:18:32.800 => State=0, M_D=045, M_S=000, ML_D=000, ML_S=000, R_D=037
2024/06/17 09:18:32.900 => State=0, M_D=045, M_S=000, ML_D=000, ML_S=000, R_D=037
2024/06/17 09:18:33.000 => State=0, M_D=045, M_S=000, ML_D=000, ML_S=000, R_D=037
2024/06/17 09:18:33.100 => State=0, M_D=045, M_S=000, ML_D=000, ML_S=000, R_D=037
2024/06/17 09:18:33.199 => State=0, M_D=045, M_S=000, ML_D=000, ML_S=000, R_D=037
2024/06/17 09:18:33.300 => State=0, M_D=045, M_S=000, ML_D=000, ML_S=000, R_D=037
2024/06/17 09:18:33.400 => State=0, M_D=045, M_S=000, ML_D=000, ML_S=000, R_D=037
2024/06/17 09:18:33.500 => State=0, M_D=045, M_S=000, ML_D=000, ML_S=000, R_D=037
2024/06/17 09:18:33.600 => State=0, M_D=045, M_S=000, ML_D=000, ML_S=000, R_D=037
2024/06/17 09:18:33.700 => State=0, M_D=045, M_S=000, ML_D=000, ML_S=000, R_D=037
2024/06/17 09:18:33.800 => State=0, M_D=045, M_S=000, ML_D=000, ML_S=000, R_D=037
2024/06/17 09:18:33.900 => State=0, M_D=045, M_S=000, ML_D=000, ML_S=000, R_D=037
2024/06/17 09:18:33.999 => State=0, M_D=045, M_S=000, ML_D=000, ML_S=000, R_D=037
2024/06/17 09:18:34.100 => State=0, M_D=045, M_S=000, ML_D=000, ML_S=000, R_D=037
2024/06/17 09:18:34.199 => State=0, M_D=045, M_S=000, ML_D=000, ML_S=000, R_D=037
2024/06/17 09:18:34.300 => State=0, M_D=045, M_S=000, ML_D=000, ML_S=000, R_D=037
2024/06/17 09:18:34.400 => State=0, M_D=045, M_S=000, ML_D=000, ML_S=000, R_D=037
2024/06/17 09:18:34.499 => State=0, M_D=045, M_S=000, ML_D=000, ML_S=000, R_D=037
2024/06/17 09:18:34.600 => State=0, M_D=045, M_S=000, ML_D=000, ML_S=000, R_D=037
2024/06/17 09:18:34.700 => State=0, M_D=045, M_S=000, ML_D=000, ML_S=000, R_D=037
2024/06/17 09:18:34.800 => State=0, M_D=045, M_S=000, ML_D=000, ML_S=000, R_D=037
2024/06/17 09:18:34.900 => State=0, M_D=045, M_S=000, ML_D=000, ML_S=000, R_D=037
2024/06/17 09:18:35.000 => State=0, M_D=045, M_S=000, ML_D=000, ML_S=000, R_D=037
2024/06/17 09:18:35.100 => State=0, M_D=045, M_S=000, ML_D=000, ML_S=000, R_D=037
2024/06/17 09:18:35.199 => State=0, M_D=045, M_S=000, ML_D=000, ML_S=000, R_D=037
2024/06/17 09:18:35.300 => State=0, M_D=045, M_S=000, ML_D=000, ML_S=000, R_D=037
2024/06/17 09:18:35.400 => State=0, M_D=045, M_S=000, ML_D=000, ML_S=000, R_D=037
2024/06/17 09:18:35.500 => State=0, M_D=045, M_S=000, ML_D=000, ML_S=000, R_D=037
2024/06/17 09:18:35.600 => State=0, M_D=045, M_S=000, ML_D=000, ML_S=000, R_D=037
2024/06/17 09:18:35.700 => State=0, M_D=045, M_S=000, ML_D=000, ML_S=000, R_D=037
2024/06/17 09:18:35.799 => State=0, M_D=045, M_S=000, ML_D=000, ML_S=000, R_D=037
2024/06/17 09:18:35.899 => State=0, M_D=045, M_S=000, ML_D=000, ML_S=000, R_D=037
2024/06/17 09:18:36.000 => State=1, M_D=044, M_S=076, ML_D=000, ML_S=000, R_D=000
2024/06/17 09:18:36.100 => State=2, M_D=044, M_S=000, ML_D=000, ML_S=000, R_D=000
2024/06/17 09:18:36.199 => State=2, M_D=044, M_S=000, ML_D=000, ML_S=000, R_D=000
2024/06/17 09:18:36.300 => State=2, M_D=044, M_S=000, ML_D=000, ML_S=000, R_D=000
2024/06/17 09:18:36.399 => State=1, M_D=048, M_S=072, ML_D=000, ML_S=000, R_D=000
2024/06/17 09:18:36.499 => State=1, M_D=058, M_S=100, ML_D=000, ML_S=000, R_D=000
2024/06/17 09:18:36.600 => State=1, M_D=052, M_S=100, ML_D=000, ML_S=000, R_D=000
2024/06/17 09:18:36.700 => State=1, M_D=050, M_S=100, ML_D=000, ML_S=000, R_D=000
2024/06/17 09:18:36.800 => State=1, M_D=054, M_S=100, ML_D=000, ML_S=000, R_D=000
2024/06/17 09:18:36.900 => State=1, M_D=061, M_S=100, ML_D=000, ML_S=000, R_D=000
2024/06/17 09:18:36.999 => State=1, M_D=060, M_S=100, ML_D=000, ML_S=000, R_D=000
2024/06/17 09:18:37.100 => State=1, M_D=046, M_S=100, ML_D=000, ML_S=000, R_D=000
2024/06/17 09:18:37.200 => State=1, M_D=057, M_S=100, ML_D=000, ML_S=000, R_D=000
2024/06/17 09:18:37.299 => State=1, M_D=059, M_S=100, ML_D=000, ML_S=000, R_D=000
2024/06/17 09:18:37.400 => State=1, M_D=049, M_S=100, ML_D=000, ML_S=000, R_D=000
2024/06/17 09:18:37.500 => State=1, M_D=056, M_S=100, ML_D=000, ML_S=000, R_D=000
2024/06/17 09:18:37.600 => State=1, M_D=055, M_S=100, ML_D=000, ML_S=000, R_D=000
2024/06/17 09:18:37.699 => State=1, M_D=056, M_S=100, ML_D=000, ML_S=000, R_D=000
2024/06/17 09:18:37.799 => State=1, M_D=055, M_S=100, ML_D=000, ML_S=000, R_D=000
2024/06/17 09:18:37.899 => State=1, M_D=064, M_S=093, ML_D=000, ML_S=000, R_D=000
2024/06/17 09:18:37.999 => State=1, M_D=057, M_S=100, ML_D=000, ML_S=000, R_D=000
2024/06/17 09:18:38.099 => State=1, M_D=063, M_S=096, ML_D=000, ML_S=000, R_D=030
2024/06/17 09:18:38.200 => State=2, M_D=212, M_S=071, ML_D=000, ML_S=000, R_D=030
2024/06/17 09:18:38.300 => State=2, M_D=047, M_S=100, ML_D=000, ML_S=000, R_D=030
2024/06/17 09:18:38.400 => State=1, M_D=048, M_S=100, ML_D=000, ML_S=000, R_D=046
2024/06/17 09:18:38.499 => State=1, M_D=055, M_S=100, ML_D=000, ML_S=000, R_D=045
2024/06/17 09:18:38.600 => State=1, M_D=058, M_S=100, ML_D=000, ML_S=000, R_D=045
2024/06/17 09:18:38.699 => State=1, M_D=058, M_S=100, ML_D=000, ML_S=000, R_D=045
2024/06/17 09:18:38.800 => State=1, M_D=062, M_S=100, ML_D=000, ML_S=000, R_D=045
2024/06/17 09:18:38.900 => State=1, M_D=057, M_S=100, ML_D=000, ML_S=000, R_D=045
2024/06/17 09:18:38.999 => State=1, M_D=053, M_S=100, ML_D=000, ML_S=000, R_D=044
2024/06/17 09:18:39.100 => State=1, M_D=053, M_S=100, ML_D=000, ML_S=000, R_D=043
2024/06/17 09:18:39.200 => State=1, M_D=053, M_S=100, ML_D=000, ML_S=000, R_D=042
2024/06/17 09:18:39.300 => State=1, M_D=060, M_S=100, ML_D=000, ML_S=000, R_D=042
2024/06/17 09:18:39.400 => State=1, M_D=061, M_S=100, ML_D=000, ML_S=000, R_D=042
2024/06/17 09:18:39.500 => State=1, M_D=051, M_S=100, ML_D=000, ML_S=000, R_D=041
2024/06/17 09:18:39.600 => State=1, M_D=051, M_S=100, ML_D=000, ML_S=000, R_D=040
2024/06/17 09:18:39.699 => State=2, M_D=212, M_S=058, ML_D=000, ML_S=000, R_D=040
2024/06/17 09:18:39.800 => State=2, M_D=062, M_S=100, ML_D=000, ML_S=000, R_D=040
2024/06/17 09:18:39.899 => State=1, M_D=050, M_S=100, ML_D=000, ML_S=000, R_D=054
2024/06/17 09:18:40.000 => State=1, M_D=051, M_S=100, ML_D=000, ML_S=000, R_D=052
2024/06/17 09:18:40.099 => State=1, M_D=056, M_S=100, ML_D=000, ML_S=000, R_D=051
2024/06/17 09:18:40.200 => State=1, M_D=049, M_S=100, ML_D=000, ML_S=000, R_D=049
2024/06/17 09:18:40.300 => State=1, M_D=050, M_S=100, ML_D=000, ML_S=000, R_D=047
2024/06/17 09:18:40.399 => State=1, M_D=030, M_S=100, ML_D=000, ML_S=000, R_D=042
2024/06/17 09:18:40.500 => State=1, M_D=047, M_S=100, ML_D=000, ML_S=000, R_D=040
2024/06/17 09:18:40.600 => State=1, M_D=030, M_S=100, ML_D=000, ML_S=000, R_D=036
2024/06/17 09:18:40.700 => State=1, M_D=038, M_S=100, ML_D=000, ML_S=000, R_D=034
2024/06/17 09:18:40.800 => State=1, M_D=042, M_S=100, ML_D=000, ML_S=000, R_D=033
2024/06/17 09:18:40.900 => State=1, M_D=052, M_S=100, ML_D=000, ML_S=000, R_D=033
2024/06/17 09:18:40.999 => State=1, M_D=051, M_S=100, ML_D=000, ML_S=000, R_D=033
2024/06/17 09:18:41.100 => State=1, M_D=053, M_S=100, ML_D=000, ML_S=000, R_D=033
2024/06/17 09:18:41.200 => State=1, M_D=057, M_S=100, ML_D=000, ML_S=000, R_D=034
2024/06/17 09:18:41.300 => State=2, M_D=057, M_S=000, ML_D=000, ML_S=000, R_D=034
2024/06/17 09:18:41.400 => State=1, M_D=065, M_S=100, ML_D=000, ML_S=000, R_D=037
2024/06/17 09:18:41.500 => State=1, M_D=063, M_S=092, ML_D=000, ML_S=000, R_D=038
2024/06/17 09:18:41.599 => State=1, M_D=068, M_S=100, ML_D=000, ML_S=000, R_D=040
2024/06/17 09:18:41.700 => State=1, M_D=068, M_S=100, ML_D=000, ML_S=000, R_D=041
2024/06/17 09:18:41.800 => State=1, M_D=070, M_S=089, ML_D=000, ML_S=000, R_D=042
2024/06/17 09:18:41.899 => State=2, M_D=070, M_S=000, ML_D=000, ML_S=000, R_D=042
2024/06/17 09:18:41.999 => State=2, M_D=070, M_S=000, ML_D=000, ML_S=000, R_D=042
2024/06/17 09:18:42.099 => State=2, M_D=070, M_S=000, ML_D=000, ML_S=000, R_D=042
2024/06/17 09:18:42.199 => State=1, M_D=073, M_S=066, ML_D=000, ML_S=000, R_D=000
2024/06/17 09:18:42.299 => State=2, M_D=073, M_S=000, ML_D=000, ML_S=000, R_D=000
2024/06/17 09:18:42.400 => State=1, M_D=067, M_S=100, ML_D=000, ML_S=000, R_D=000
2024/06/17 09:18:42.499 => State=1, M_D=063, M_S=100, ML_D=000, ML_S=000, R_D=000
2024/06/17 09:18:42.600 => State=2, M_D=063, M_S=000, ML_D=000, ML_S=000, R_D=000
2024/06/17 09:18:42.700 => State=1, M_D=059, M_S=100, ML_D=000, ML_S=000, R_D=000
2024/06/17 09:18:42.799 => State=1, M_D=051, M_S=100, ML_D=000, ML_S=000, R_D=000
2024/06/17 09:18:42.900 => State=1, M_D=050, M_S=100, ML_D=000, ML_S=000, R_D=000
2024/06/17 09:18:43.000 => State=1, M_D=046, M_S=100, ML_D=000, ML_S=000, R_D=000
2024/06/17 09:18:43.100 => State=1, M_D=055, M_S=100, ML_D=000, ML_S=000, R_D=000
2024/06/17 09:18:43.200 => State=1, M_D=056, M_S=100, ML_D=000, ML_S=000, R_D=000
2024/06/17 09:18:43.300 => State=1, M_D=040, M_S=100, ML_D=000, ML_S=000, R_D=000
2024/06/17 09:18:43.400 => State=1, M_D=045, M_S=100, ML_D=000, ML_S=000, R_D=000
2024/06/17 09:18:43.499 => State=1, M_D=045, M_S=100, ML_D=000, ML_S=000, R_D=000
2024/06/17 09:18:43.600 => State=1, M_D=046, M_S=100, ML_D=000, ML_S=000, R_D=000
2024/06/17 09:18:43.700 => State=1, M_D=041, M_S=100, ML_D=000, ML_S=000, R_D=000
2024/06/17 09:18:43.800 => State=1, M_D=053, M_S=100, ML_D=000, ML_S=000, R_D=000
2024/06/17 09:18:43.899 => State=1, M_D=040, M_S=100, ML_D=000, ML_S=000, R_D=000
2024/06/17 09:18:44.000 => State=1, M_D=030, M_S=100, ML_D=000, ML_S=000, R_D=000
2024/06/17 09:18:44.100 => State=1, M_D=046, M_S=100, ML_D=000, ML_S=000, R_D=000
2024/06/17 09:18:44.199 => State=1, M_D=042, M_S=100, ML_D=000, ML_S=000, R_D=000
2024/06/17 09:18:44.299 => State=1, M_D=041, M_S=100, ML_D=000, ML_S=000, R_D=000
2024/06/17 09:18:44.399 => State=1, M_D=038, M_S=100, ML_D=000, ML_S=000, R_D=000
2024/06/17 09:18:44.500 => State=1, M_D=042, M_S=100, ML_D=000, ML_S=000, R_D=000
2024/06/17 09:18:44.599 => State=1, M_D=052, M_S=100, ML_D=000, ML_S=000, R_D=000
2024/06/17 09:18:44.700 => State=1, M_D=047, M_S=100, ML_D=000, ML_S=000, R_D=000
2024/06/17 09:18:44.800 => State=1, M_D=043, M_S=100, ML_D=000, ML_S=000, R_D=000
2024/06/17 09:18:44.899 => State=1, M_D=040, M_S=100, ML_D=000, ML_S=000, R_D=000
2024/06/17 09:18:44.999 => State=1, M_D=045, M_S=100, ML_D=000, ML_S=000, R_D=000
2024/06/17 09:18:45.100 => State=1, M_D=049, M_S=100, ML_D=000, ML_S=000, R_D=000
2024/06/17 09:18:45.199 => State=1, M_D=052, M_S=100, ML_D=000, ML_S=000, R_D=000
2024/06/17 09:18:45.300 => State=1, M_D=053, M_S=100, ML_D=000, ML_S=000, R_D=000
2024/06/17 09:18:45.400 => State=1, M_D=043, M_S=082, ML_D=000, ML_S=000, R_D=000
2024/06/17 09:18:45.499 => State=1, M_D=061, M_S=100, ML_D=000, ML_S=000, R_D=000
2024/06/17 09:18:45.599 => State=1, M_D=057, M_S=100, ML_D=000, ML_S=000, R_D=031
2024/06/17 09:18:45.699 => State=1, M_D=059, M_S=100, ML_D=000, ML_S=000, R_D=032
2024/06/17 09:18:45.799 => State=1, M_D=050, M_S=100, ML_D=000, ML_S=000, R_D=032
2024/06/17 09:18:45.900 => State=1, M_D=052, M_S=100, ML_D=000, ML_S=000, R_D=032
2024/06/17 09:18:46.000 => State=1, M_D=042, M_S=100, ML_D=000, ML_S=000, R_D=031
2024/06/17 09:18:46.099 => State=1, M_D=042, M_S=100, ML_D=000, ML_S=000, R_D=030
2024/06/17 09:18:46.199 => State=1, M_D=047, M_S=100, ML_D=000, ML_S=000, R_D=030
2024/06/17 09:18:46.299 => State=1, M_D=048, M_S=100, ML_D=000, ML_S=000, R_D=031
2024/06/17 09:18:46.400 => State=1, M_D=049, M_S=100, ML_D=000, ML_S=000, R_D=031
2024/06/17 09:18:46.499 => State=1, M_D=054, M_S=100, ML_D=000, ML_S=000, R_D=031
2024/06/17 09:18:46.600 => State=1, M_D=056, M_S=100, ML_D=000, ML_S=000, R_D=032
2024/06/17 09:18:46.700 => State=1, M_D=059, M_S=100, ML_D=000, ML_S=000, R_D=033
2024/06/17 09:18:46.799 => State=1, M_D=060, M_S=100, ML_D=000, ML_S=000, R_D=034
2024/06/17 09:18:46.899 => State=1, M_D=059, M_S=100, ML_D=000, ML_S=000, R_D=035
2024/06/17 09:18:47.000 => State=1, M_D=058, M_S=100, ML_D=000, ML_S=000, R_D=036
2024/06/17 09:18:47.100 => State=1, M_D=060, M_S=100, ML_D=000, ML_S=000, R_D=037
2024/06/17 09:18:47.199 => State=1, M_D=073, M_S=074, ML_D=000, ML_S=000, R_D=040
2024/06/17 09:18:47.299 => State=1, M_D=063, M_S=075, ML_D=000, ML_S=000, R_D=040
2024/06/17 09:18:47.399 => State=1, M_D=061, M_S=079, ML_D=000, ML_S=000, R_D=040
2024/06/17 09:18:47.499 => State=2, M_D=061, M_S=000, ML_D=000, ML_S=000, R_D=040
2024/06/17 09:18:47.599 => State=1, M_D=063, M_S=088, ML_D=000, ML_S=000, R_D=040
2024/06/17 09:18:47.700 => State=2, M_D=063, M_S=000, ML_D=000, ML_S=000, R_D=040
2024/06/17 09:18:47.799 => State=2, M_D=063, M_S=000, ML_D=000, ML_S=000, R_D=040
2024/06/17 09:18:47.900 => State=1, M_D=062, M_S=100, ML_D=000, ML_S=000, R_D=000
2024/06/17 09:18:48.000 => State=1, M_D=063, M_S=100, ML_D=000, ML_S=000, R_D=000
2024/06/17 09:18:48.100 => State=1, M_D=062, M_S=100, ML_D=000, ML_S=000, R_D=000
2024/06/17 09:18:48.200 => State=1, M_D=063, M_S=100, ML_D=000, ML_S=000, R_D=000
2024/06/17 09:18:48.300 => State=1, M_D=054, M_S=100, ML_D=000, ML_S=000, R_D=000
2024/06/17 09:18:48.399 => State=1, M_D=056, M_S=100, ML_D=000, ML_S=000, R_D=000
2024/06/17 09:18:48.500 => State=1, M_D=055, M_S=100, ML_D=000, ML_S=000, R_D=000
2024/06/17 09:18:48.599 => State=1, M_D=054, M_S=100, ML_D=000, ML_S=000, R_D=000
2024/06/17 09:18:48.699 => State=1, M_D=049, M_S=100, ML_D=000, ML_S=000, R_D=000
2024/06/17 09:18:48.800 => State=1, M_D=056, M_S=100, ML_D=000, ML_S=000, R_D=000
2024/06/17 09:18:48.899 => State=1, M_D=050, M_S=100, ML_D=000, ML_S=000, R_D=000
2024/06/17 09:18:48.999 => State=1, M_D=046, M_S=100, ML_D=000, ML_S=000, R_D=000
2024/06/17 09:18:49.099 => State=1, M_D=057, M_S=100, ML_D=000, ML_S=000, R_D=000
2024/06/17 09:18:49.199 => State=1, M_D=048, M_S=100, ML_D=000, ML_S=000, R_D=000
2024/06/17 09:18:49.300 => State=1, M_D=056, M_S=100, ML_D=000, ML_S=000, R_D=000
2024/06/17 09:18:49.399 => State=1, M_D=055, M_S=100, ML_D=000, ML_S=000, R_D=000
2024/06/17 09:18:49.499 => State=1, M_D=053, M_S=100, ML_D=000, ML_S=000, R_D=030
2024/06/17 09:18:49.599 => State=1, M_D=058, M_S=100, ML_D=000, ML_S=000, R_D=032
2024/06/17 09:18:49.699 => State=1, M_D=048, M_S=092, ML_D=000, ML_S=000, R_D=032
2024/06/17 09:18:49.799 => State=1, M_D=054, M_S=100, ML_D=000, ML_S=000, R_D=032
2024/06/17 09:18:49.899 => State=1, M_D=061, M_S=100, ML_D=000, ML_S=000, R_D=033
2024/06/17 09:18:49.999 => State=1, M_D=052, M_S=100, ML_D=000, ML_S=000, R_D=033
2024/06/17 09:18:50.099 => State=2, M_D=052, M_S=000, ML_D=000, ML_S=000, R_D=033
2024/06/17 09:18:50.199 => State=1, M_D=046, M_S=073, ML_D=000, ML_S=000, R_D=032
2024/06/17 09:18:50.299 => State=1, M_D=053, M_S=100, ML_D=000, ML_S=000, R_D=032
2024/06/17 09:18:50.399 => State=1, M_D=048, M_S=100, ML_D=000, ML_S=000, R_D=032
2024/06/17 09:18:50.499 => State=1, M_D=055, M_S=078, ML_D=000, ML_S=000, R_D=032
2024/06/17 09:18:50.599 => State=1, M_D=055, M_S=100, ML_D=000, ML_S=000, R_D=032
2024/06/17 09:18:50.699 => State=1, M_D=046, M_S=100, ML_D=000, ML_S=000, R_D=031
2024/06/17 09:18:50.799 => State=1, M_D=050, M_S=100, ML_D=000, ML_S=000, R_D=031
2024/06/17 09:18:50.899 => State=1, M_D=041, M_S=100, ML_D=000, ML_S=000, R_D=030
2024/06/17 09:18:50.999 => State=1, M_D=052, M_S=100, ML_D=000, ML_S=000, R_D=031
2024/06/17 09:18:51.098 => State=1, M_D=054, M_S=100, ML_D=000, ML_S=000, R_D=031
2024/06/17 09:18:51.198 => State=1, M_D=050, M_S=100, ML_D=000, ML_S=000, R_D=031
2024/06/17 09:18:51.299 => State=1, M_D=054, M_S=100, ML_D=000, ML_S=000, R_D=031
2024/06/17 09:18:51.399 => State=1, M_D=051, M_S=100, ML_D=000, ML_S=000, R_D=031
2024/06/17 09:18:51.499 => State=1, M_D=054, M_S=100, ML_D=000, ML_S=000, R_D=031
2024/06/17 09:18:51.599 => State=1, M_D=053, M_S=094, ML_D=000, ML_S=000, R_D=031
2024/06/17 09:18:51.700 => State=1, M_D=039, M_S=075, ML_D=000, ML_S=000, R_D=000
2024/06/17 09:18:51.799 => State=2, M_D=039, M_S=000, ML_D=000, ML_S=000, R_D=000
2024/06/17 09:18:51.899 => State=2, M_D=039, M_S=000, ML_D=000, ML_S=000, R_D=000
2024/06/17 09:18:51.999 => State=1, M_D=050, M_S=064, ML_D=000, ML_S=000, R_D=000
2024/06/17 09:18:52.099 => State=2, M_D=050, M_S=000, ML_D=000, ML_S=000, R_D=000
2024/06/17 09:18:52.200 => State=2, M_D=050, M_S=000, ML_D=000, ML_S=000, R_D=000
2024/06/17 09:18:52.299 => State=1, M_D=063, M_S=061, ML_D=000, ML_S=000, R_D=000
2024/06/17 09:18:52.399 => State=1, M_D=030, M_S=087, ML_D=000, ML_S=000, R_D=000
2024/06/17 09:18:52.499 => State=1, M_D=041, M_S=084, ML_D=000, ML_S=000, R_D=000
2024/06/17 09:18:52.599 => State=2, M_D=041, M_S=000, ML_D=000, ML_S=000, R_D=000
2024/06/17 09:18:52.699 => State=2, M_D=041, M_S=000, ML_D=000, ML_S=000, R_D=000
2024/06/17 09:18:52.799 => State=2, M_D=041, M_S=000, ML_D=000, ML_S=000, R_D=000
2024/06/17 09:18:52.899 => State=2, M_D=041, M_S=000, ML_D=000, ML_S=000, R_D=000
2024/06/17 09:18:52.999 => State=1, M_D=069, M_S=091, ML_D=000, ML_S=000, R_D=000
2024/06/17 09:18:53.099 => State=2, M_D=069, M_S=000, ML_D=000, ML_S=000, R_D=000
2024/06/17 09:18:53.199 => State=1, M_D=057, M_S=076, ML_D=000, ML_S=000, R_D=000
2024/06/17 09:18:53.299 => State=2, M_D=057, M_S=000, ML_D=000, ML_S=000, R_D=000
2024/06/17 09:18:53.399 => State=1, M_D=030, M_S=090, ML_D=000, ML_S=000, R_D=000
2024/06/17 09:18:53.499 => State=1, M_D=030, M_S=069, ML_D=000, ML_S=000, R_D=000
2024/06/17 09:18:53.599 => State=1, M_D=030, M_S=069, ML_D=000, ML_S=000, R_D=000
2024/06/17 09:18:53.699 => State=1, M_D=075, M_S=100, ML_D=000, ML_S=000, R_D=000
2024/06/17 09:18:53.799 => State=1, M_D=061, M_S=100, ML_D=000, ML_S=000, R_D=000
2024/06/17 09:18:53.899 => State=1, M_D=046, M_S=100, ML_D=000, ML_S=000, R_D=000
2024/06/17 09:18:54.000 => State=1, M_D=030, M_S=100, ML_D=000, ML_S=000, R_D=000
2024/06/17 09:18:54.099 => State=1, M_D=055, M_S=089, ML_D=000, ML_S=000, R_D=000
2024/06/17 09:18:54.199 => State=2, M_D=055, M_S=000, ML_D=000, ML_S=000, R_D=000
2024/06/17 09:18:54.299 => State=1, M_D=030, M_S=100, ML_D=000, ML_S=000, R_D=000
2024/06/17 09:18:54.400 => State=1, M_D=059, M_S=086, ML_D=000, ML_S=000, R_D=000
2024/06/17 09:18:54.500 => State=1, M_D=052, M_S=093, ML_D=000, ML_S=000, R_D=000
2024/06/17 09:18:54.599 => State=1, M_D=030, M_S=100, ML_D=000, ML_S=000, R_D=000
2024/06/17 09:18:54.699 => State=1, M_D=030, M_S=092, ML_D=000, ML_S=000, R_D=000
2024/06/17 09:18:54.799 => State=1, M_D=042, M_S=100, ML_D=000, ML_S=000, R_D=000
2024/06/17 09:18:54.898 => State=2, M_D=042, M_S=000, ML_D=000, ML_S=000, R_D=000
2024/06/17 09:18:54.998 => State=1, M_D=070, M_S=066, ML_D=000, ML_S=000, R_D=000
2024/06/17 09:18:55.099 => State=2, M_D=070, M_S=000, ML_D=000, ML_S=000, R_D=000
2024/06/17 09:18:55.199 => State=1, M_D=054, M_S=087, ML_D=000, ML_S=000, R_D=000
2024/06/17 09:18:55.299 => State=2, M_D=054, M_S=000, ML_D=000, ML_S=000, R_D=000
2024/06/17 09:18:55.399 => State=2, M_D=054, M_S=000, ML_D=000, ML_S=000, R_D=000
2024/06/17 09:18:55.499 => State=2, M_D=054, M_S=000, ML_D=000, ML_S=000, R_D=000
2024/06/17 09:18:55.600 => State=2, M_D=054, M_S=000, ML_D=000, ML_S=000, R_D=000
2024/06/17 09:18:55.699 => State=2, M_D=054, M_S=000, ML_D=000, ML_S=000, R_D=000
2024/06/17 09:18:55.799 => State=2, M_D=054, M_S=000, ML_D=000, ML_S=000, R_D=000
2024/06/17 09:18:55.898 => State=2, M_D=054, M_S=000, ML_D=000, ML_S=000, R_D=000
2024/06/17 09:18:55.999 => State=2, M_D=054, M_S=000, ML_D=000, ML_S=000, R_D=000
2024/06/17 09:18:56.099 => State=2, M_D=054, M_S=000, ML_D=000, ML_S=000, R_D=000
2024/06/17 09:18:56.199 => State=2, M_D=054, M_S=000, ML_D=000, ML_S=000, R_D=000
2024/06/17 09:18:56.299 => State=2, M_D=054, M_S=000, ML_D=000, ML_S=000, R_D=000
2024/06/17 09:18:56.399 => State=0, M_D=054, M_S=000, ML_D=000, ML_S=000, R_D=000
2024/06/17 09:18:56.499 => State=0, M_D=054, M_S=000, ML_D=000, ML_S=000, R_D=000
2024/06/17 09:18:56.599 => State=0, M_D=054, M_S=000, ML_D=000, ML_S=000, R_D=000
2024/06/17 09:18:56.699 => State=0, M_D=054, M_S=000, ML_D=000, ML_S=000, R_D=000
2024/06/17 09:18:56.798 => State=0, M_D=054, M_S=000, ML_D=000, ML_S=000, R_D=000
2024/06/17 09:18:56.899 => State=0, M_D=054, M_S=000, ML_D=000, ML_S=000, R_D=000
2024/06/17 09:18:56.999 => State=0, M_D=054, M_S=000, ML_D=000, ML_S=000, R_D=000
2024/06/17 09:18:57.099 => State=0, M_D=054, M_S=000, ML_D=000, ML_S=000, R_D=000
2024/06/17 09:18:57.199 => State=0, M_D=054, M_S=000, ML_D=000, ML_S=000, R_D=000
2024/06/17 09:18:57.299 => State=0, M_D=054, M_S=000, ML_D=000, ML_S=000, R_D=000
2024/06/17 09:18:57.399 => State=0, M_D=054, M_S=000, ML_D=000, ML_S=000, R_D=000
2024/06/17 09:18:57.499 => State=0, M_D=054, M_S=000, ML_D=000, ML_S=000, R_D=000
2024/06/17 09:18:57.598 => State=0, M_D=054, M_S=000, ML_D=000, ML_S=000, R_D=000
2024/06/17 09:18:57.699 => State=0, M_D=054, M_S=000, ML_D=000, ML_S=000, R_D=000
2024/06/17 09:18:57.799 => State=0, M_D=054, M_S=000, ML_D=000, ML_S=000, R_D=000
2024/06/17 09:18:57.899 => State=0, M_D=054, M_S=000, ML_D=000, ML_S=000, R_D=000
2024/06/17 09:18:57.999 => State=0, M_D=054, M_S=000, ML_D=000, ML_S=000, R_D=000
2024/06/17 09:18:58.099 => State=0, M_D=054, M_S=000, ML_D=000, ML_S=000, R_D=000
2024/06/17 09:18:58.199 => State=0, M_D=054, M_S=000, ML_D=000, ML_S=000, R_D=000
2024/06/17 09:18:58.299 => State=0, M_D=054, M_S=000, ML_D=000, ML_S=000, R_D=000
2024/06/17 09:18:58.399 => State=0, M_D=054, M_S=000, ML_D=000, ML_S=000, R_D=000
2024/06/17 09:18:58.499 => State=0, M_D=054, M_S=000, ML_D=000, ML_S=000, R_D=000
2024/06/17 09:18:58.599 => State=0, M_D=054, M_S=000, ML_D=000, ML_S=000, R_D=000
2024/06/17 09:18:58.699 => State=0, M_D=054, M_S=000, ML_D=000, ML_S=000, R_D=000
2024/06/17 09:18:58.798 => State=0, M_D=054, M_S=000, ML_D=000, ML_S=000, R_D=000
2024/06/17 09:18:58.898 => State=0, M_D=054, M_S=000, ML_D=000, ML_S=000, R_D=000
2024/06/17 09:18:58.998 => State=0, M_D=054, M_S=000, ML_D=000, ML_S=000, R_D=000
2024/06/17 09:18:59.098 => State=0, M_D=054, M_S=000, ML_D=000, ML_S=000, R_D=000
2024/06/17 09:18:59.198 => State=0, M_D=054, M_S=000, ML_D=000, ML_S=000, R_D=000
2024/06/17 09:18:59.298 => State=0, M_D=054, M_S=000, ML_D=000, ML_S=000, R_D=000
2024/06/17 09:18:59.399 => State=0, M_D=054, M_S=000, ML_D=000, ML_S=000, R_D=000
2024/06/17 09:18:59.499 => State=0, M_D=054, M_S=000, ML_D=000, ML_S=000, R_D=000
2024/06/17 09:18:59.598 => State=0, M_D=054, M_S=000, ML_D=000, ML_S=000, R_D=000
2024/06/17 09:18:59.699 => State=0, M_D=054, M_S=000, ML_D=000, ML_S=000, R_D=000
2024/06/17 09:18:59.798 => State=0, M_D=054, M_S=000, ML_D=000, ML_S=000, R_D=000
2024/06/17 09:18:59.899 => State=0, M_D=054, M_S=000, ML_D=000, ML_S=000, R_D=000
2024/06/17 09:18:59.999 => State=0, M_D=054, M_S=000, ML_D=000, ML_S=000, R_D=000
2024/06/17 09:19:00.099 => State=0, M_D=054, M_S=000, ML_D=000, ML_S=000, R_D=000
2024/06/17 09:19:00.199 => State=0, M_D=054, M_S=000, ML_D=000, ML_S=000, R_D=000
2024/06/17 09:19:00.299 => State=0, M_D=054, M_S=000, ML_D=000, ML_S=000, R_D=000
2024/06/17 09:19:00.399 => State=0, M_D=054, M_S=000, ML_D=000, ML_S=000, R_D=000
2024/06/17 09:19:00.499 => State=0, M_D=054, M_S=000, ML_D=000, ML_S=000, R_D=000
2024/06/17 09:19:00.599 => State=0, M_D=054, M_S=000, ML_D=000, ML_S=000, R_D=000
2024/06/17 09:19:00.699 => State=0, M_D=054, M_S=000, ML_D=000, ML_S=000, R_D=000
2024/06/17 09:19:00.799 => State=0, M_D=054, M_S=000, ML_D=000, ML_S=000, R_D=000
2024/06/17 09:19:00.899 => State=0, M_D=054, M_S=000, ML_D=000, ML_S=000, R_D=000
2024/06/17 09:19:00.999 => State=0, M_D=054, M_S=000, ML_D=000, ML_S=000, R_D=000
2024/06/17 09:19:01.099 => State=0, M_D=054, M_S=000, ML_D=000, ML_S=000, R_D=000
2024/06/17 09:19:01.199 => State=0, M_D=054, M_S=000, ML_D=000, ML_S=000, R_D=000
2024/06/17 09:19:01.299 => State=0, M_D=054, M_S=000, ML_D=000, ML_S=000, R_D=000
2024/06/17 09:19:01.399 => State=0, M_D=054, M_S=000, ML_D=000, ML_S=000, R_D=000
2024/06/17 09:19:01.498 => State=0, M_D=054, M_S=000, ML_D=000, ML_S=000, R_D=000
2024/06/17 09:19:01.599 => State=0, M_D=054, M_S=000, ML_D=000, ML_S=000, R_D=000
2024/06/17 09:19:01.698 => State=0, M_D=054, M_S=000, ML_D=000, ML_S=000, R_D=000
2024/06/17 09:19:01.799 => State=0, M_D=054, M_S=000, ML_D=000, ML_S=000, R_D=000
2024/06/17 09:19:01.898 => State=0, M_D=054, M_S=000, ML_D=000, ML_S=000, R_D=000
2024/06/17 09:19:01.999 => State=0, M_D=054, M_S=000, ML_D=000, ML_S=000, R_D=000
2024/06/17 09:19:02.098 => State=0, M_D=054, M_S=000, ML_D=000, ML_S=000, R_D=000
2024/06/17 09:19:02.198 => State=0, M_D=054, M_S=000, ML_D=000, ML_S=000, R_D=000
2024/06/17 09:19:02.298 => State=0, M_D=054, M_S=000, ML_D=000, ML_S=000, R_D=000
2024/06/17 09:19:02.399 => State=0, M_D=054, M_S=000, ML_D=000, ML_S=000, R_D=000
2024/06/17 09:19:02.499 => State=0, M_D=054, M_S=000, ML_D=000, ML_S=000, R_D=000
2024/06/17 09:19:02.599 => State=0, M_D=054, M_S=000, ML_D=000, ML_S=000, R_D=000
2024/06/17 09:19:02.699 => State=0, M_D=054, M_S=000, ML_D=000, ML_S=000, R_D=000
2024/06/17 09:19:02.799 => State=0, M_D=054, M_S=000, ML_D=000, ML_S=000, R_D=000
2024/06/17 09:19:02.899 => State=0, M_D=054, M_S=000, ML_D=000, ML_S=000, R_D=000
2024/06/17 09:19:02.999 => State=0, M_D=054, M_S=000, ML_D=000, ML_S=000, R_D=000
2024/06/17 09:19:03.099 => State=0, M_D=054, M_S=000, ML_D=000, ML_S=000, R_D=000
2024/06/17 09:19:03.199 => State=0, M_D=054, M_S=000, ML_D=000, ML_S=000, R_D=000
2024/06/17 09:19:03.299 => State=0, M_D=054, M_S=000, ML_D=000, ML_S=000, R_D=000
2024/06/17 09:19:03.399 => State=0, M_D=054, M_S=000, ML_D=000, ML_S=000, R_D=000
2024/06/17 09:19:03.499 => State=0, M_D=054, M_S=000, ML_D=000, ML_S=000, R_D=000
2024/06/17 09:19:03.599 => State=0, M_D=054, M_S=000, ML_D=000, ML_S=000, R_D=000
2024/06/17 09:19:03.699 => State=0, M_D=054, M_S=000, ML_D=000, ML_S=000, R_D=000
2024/06/17 09:19:03.798 => State=0, M_D=054, M_S=000, ML_D=000, ML_S=000, R_D=000
2024/06/17 09:19:03.898 => State=0, M_D=054, M_S=000, ML_D=000, ML_S=000, R_D=000
2024/06/17 09:19:03.999 => State=0, M_D=054, M_S=000, ML_D=000, ML_S=000, R_D=000
2024/06/17 09:19:04.098 => State=0, M_D=054, M_S=000, ML_D=000, ML_S=000, R_D=000
2024/06/17 09:19:04.198 => State=0, M_D=054, M_S=000, ML_D=000, ML_S=000, R_D=000
2024/06/17 09:19:04.299 => State=0, M_D=054, M_S=000, ML_D=000, ML_S=000, R_D=000
2024/06/17 09:19:04.398 => State=0, M_D=054, M_S=000, ML_D=000, ML_S=000, R_D=000
2024/06/17 09:19:04.499 => State=0, M_D=054, M_S=000, ML_D=000, ML_S=000, R_D=000
2024/06/17 09:19:04.599 => State=0, M_D=054, M_S=000, ML_D=000, ML_S=000, R_D=000
2024/06/17 09:19:04.699 => State=0, M_D=054, M_S=000, ML_D=000, ML_S=000, R_D=000
2024/06/17 09:19:04.799 => State=0, M_D=054, M_S=000, ML_D=000, ML_S=000, R_D=000
2024/06/17 09:19:04.899 => State=0, M_D=054, M_S=000, ML_D=000, ML_S=000, R_D=000
2024/06/17 09:19:04.998 => State=0, M_D=054, M_S=000, ML_D=000, ML_S=000, R_D=000
2024/06/17 09:19:05.098 => State=0, M_D=054, M_S=000, ML_D=000, ML_S=000, R_D=000
2024/06/17 09:19:05.199 => State=0, M_D=054, M_S=000, ML_D=000, ML_S=000, R_D=000
2024/06/17 09:19:05.299 => State=0, M_D=054, M_S=000, ML_D=000, ML_S=000, R_D=000
2024/06/17 09:19:05.399 => State=0, M_D=054, M_S=000, ML_D=000, ML_S=000, R_D=000
2024/06/17 09:19:05.433 => prepare exit thread..., name=ABDData, tid=10420(0x000028b4)
2024/06/17 09:19:05.497 => thread exit, name=ABDData, tid=10420(0x000028b4)
2024/06/17 09:19:05.497 => thread exit over, name=ABDData, tid=10420(0x000028b4)
2024/06/17 09:19:05.497 => Cancel Read Data
2024/06/17 09:19:06.147 => Cancel Read Data
2024/06/17 09:19:14.761 => Cancel Read Data
2024/06/17 09:19:14.764 => Cancel Read Data
2024/06/17 09:19:14.764 => Cancel Read Data
